Auto-approver watching Pending_Approval/ every 30s ... (Ctrl+C to stop)

Stopped.
Auto-approver watching Pending_Approval/ every 30s ... (Ctrl+C to stop)

[00:09:30] 1 file(s) in Pending_Approval/
  [HUMAN] LI_20260311_0009_did_you_know_solo_founders_was.md      | file prefix requires human (LI_20260...)
  Summary: 0 archived | 0 auto-approved | 1 need human review

Stopped.
Auto-approver watching Pending_Approval/ every 30s ... (Ctrl+C to stop)

Stopped.
Auto-approver watching Pending_Approval/ every 30s ... (Ctrl+C to stop)

Stopped.
Auto-approver watching Pending_Approval/ every 30s ... (Ctrl+C to stop)

Stopped.
Auto-approver watching Pending_Approval/ every 30s ... (Ctrl+C to stop)

Stopped.
Auto-approver watching Pending_Approval/ every 30s ... (Ctrl+C to stop)

Stopped.
Auto-approver watching Pending_Approval/ every 30s ... (Ctrl+C to stop)

Stopped.
Auto-approver watching Pending_Approval/ every 30s ... (Ctrl+C to stop)

Stopped.
Auto-approver watching Pending_Approval/ every 30s ... (Ctrl+C to stop)

Stopped.
Auto-approver watching Pending_Approval/ every 30s ... (Ctrl+C to stop)

[22:02:45] 1 file(s) in Pending_Approval/
  [HUMAN] TW_20260315_1200_ai-news.md                             | no auto-rule matched — human review required
  Summary: 0 archived | 0 auto-approved | 1 need human review

Stopped.
Auto-approver watching Pending_Approval/ every 30s ... (Ctrl+C to stop)

Stopped.
Auto-approver watching Pending_Approval/ every 30s ... (Ctrl+C to stop)

Stopped.
Auto-approver watching Pending_Approval/ every 30s ... (Ctrl+C to stop)

Stopped.
