2026-03-11 09:02:18,227 [INFO] LinkedIn Scheduler started (type: company)
2026-03-11 09:02:18,229 [INFO] Recent draft found: LI_CO_20260311_0859_today__we_re_focusing_on_simpl.md (skip generation)
2026-03-11 09:02:18,229 [INFO] No new company draft needed. Use --force to override.


--- Run at 2026-03-11T09:02:17.972975 ---
2026-03-11 09:04:43,551 [INFO] LinkedIn Scheduler started (type: company)
2026-03-11 09:04:43,552 [INFO] Recent draft found: LI_CO_20260311_0859_today__we_re_focusing_on_simpl.md (skip generation)
2026-03-11 09:04:43,552 [INFO] No new company draft needed. Use --force to override.


--- Run at 2026-03-11T09:04:43.318781 ---
2026-03-11 15:09:45,542 [INFO] LinkedIn Scheduler started (type: company)
2026-03-11 15:09:45,544 [INFO] Recent draft found: LI_CO_20260311_0859_today__we_re_focusing_on_simpl.md (skip generation)
2026-03-11 15:09:45,544 [INFO] No new company draft needed. Use --force to override.


--- Run at 2026-03-11T15:09:45.078347 ---
2026-03-11 16:03:37,604 [INFO] LinkedIn Scheduler started (type: company)
2026-03-11 16:03:37,607 [INFO] Recent draft found: LI_CO_20260311_0859_today__we_re_focusing_on_simpl.md (skip generation)
2026-03-11 16:03:37,607 [INFO] No new company draft needed. Use --force to override.


--- Run at 2026-03-11T16:03:37.311095 ---
2026-03-11 16:22:04,228 [INFO] LinkedIn Scheduler started (type: company)
2026-03-11 16:22:04,229 [INFO] Recent draft found: LI_CO_20260311_0859_today__we_re_focusing_on_simpl.md (skip generation)
2026-03-11 16:22:04,230 [INFO] No new company draft needed. Use --force to override.


--- Run at 2026-03-11T16:22:03.812747 ---
2026-03-12 07:26:11,116 [INFO] LinkedIn Scheduler started (type: company)
2026-03-12 07:26:11,118 [INFO] Recent draft found: LI_CO_20260311_0859_today__we_re_focusing_on_simpl.md (skip generation)
2026-03-12 07:26:11,118 [INFO] No new company draft needed. Use --force to override.


--- Run at 2026-03-12T07:26:10.589964 ---
2026-03-12 15:12:06,609 [INFO] LinkedIn Scheduler started (type: company)
2026-03-12 15:12:06,649 [INFO] Recent draft found: LI_CO_20260311_0859_today__we_re_focusing_on_simpl.md (skip generation)
2026-03-12 15:12:06,663 [INFO] No new company draft needed. Use --force to override.


--- Run at 2026-03-12T15:12:03.166933 ---
2026-03-12 15:16:54,658 [INFO] LinkedIn Scheduler started (type: company)
2026-03-12 15:16:54,670 [INFO] Recent draft found: LI_CO_20260311_0859_today__we_re_focusing_on_simpl.md (skip generation)
2026-03-12 15:16:54,670 [INFO] No new company draft needed. Use --force to override.


--- Run at 2026-03-12T15:16:54.393967 ---
2026-03-13 22:17:29,217 [INFO] LinkedIn Scheduler started (type: company)
2026-03-13 22:17:29,225 [INFO] Recent draft found: LI_CO_20260311_0859_today__we_re_focusing_on_simpl.md (skip generation)
2026-03-13 22:17:29,226 [INFO] No new company draft needed. Use --force to override.
2026-03-13 23:04:09,513 [INFO] LinkedIn Scheduler started (type: company)
2026-03-13 23:04:09,514 [INFO] Recent draft found: LI_CO_20260311_0859_today__we_re_focusing_on_simpl.md (skip generation)
2026-03-13 23:04:09,514 [INFO] No new company draft needed. Use --force to override.
2026-03-14 07:27:32,740 [INFO] LinkedIn Scheduler started (type: company)
2026-03-14 07:27:32,742 [INFO] Recent draft found: LI_CO_20260311_0859_today__we_re_focusing_on_simpl.md (skip generation)
2026-03-14 07:27:32,742 [INFO] No new company draft needed. Use --force to override.
2026-03-14 22:30:58,479 [INFO] LinkedIn Scheduler started (type: company)
2026-03-14 22:30:58,480 [INFO] Recent draft found: LI_CO_20260314_1001_ai_employee_for_founders.md (skip generation)
2026-03-14 22:30:58,480 [INFO] No new company draft needed. Use --force to override.


--- Run at 2026-03-14T22:30:58.290856 ---
2026-03-15 22:03:15,299 [INFO] LinkedIn Scheduler started (type: company)
2026-03-15 22:03:15,310 [INFO] Recent draft found: LI_CO_20260314_1001_ai_employee_for_founders.md (skip generation)
2026-03-15 22:03:15,311 [INFO] No new company draft needed. Use --force to override.


--- Run at 2026-03-15T22:03:14.948797 ---
2026-03-15 22:11:35,632 [INFO] LinkedIn Scheduler started (type: company)
2026-03-15 22:11:35,633 [INFO] Recent draft found: LI_CO_20260314_1001_ai_employee_for_founders.md (skip generation)
2026-03-15 22:11:35,633 [INFO] No new company draft needed. Use --force to override.


--- Run at 2026-03-15T22:11:35.401653 ---
2026-03-15 22:45:47,019 [INFO] LinkedIn Scheduler started (type: company)
2026-03-15 22:45:47,021 [INFO] Recent draft found: LI_CO_20260314_1001_ai_employee_for_founders.md (skip generation)
2026-03-15 22:45:47,021 [INFO] No new company draft needed. Use --force to override.


--- Run at 2026-03-15T22:45:46.676349 ---
2026-03-16 06:16:38,170 [INFO] LinkedIn Scheduler started (type: company)
2026-03-16 06:16:38,174 [INFO] Recent draft found: LI_CO_20260314_1001_ai_employee_for_founders.md (skip generation)
2026-03-16 06:16:38,174 [INFO] No new company draft needed. Use --force to override.


--- Run at 2026-03-16T06:16:37.868498 ---
2026-03-16 06:51:47,468 [INFO] LinkedIn Scheduler started (type: company)
2026-03-16 06:51:47,471 [INFO] Recent draft found: LI_CO_20260314_1001_ai_employee_for_founders.md (skip generation)
2026-03-16 06:51:47,471 [INFO] No new company draft needed. Use --force to override.


--- Run at 2026-03-16T06:51:46.215851 ---
2026-03-16 09:53:00,192 [INFO] LinkedIn Scheduler started (type: company)
2026-03-16 09:53:00,194 [INFO] Recent draft found: LI_CO_20260314_1001_ai_employee_for_founders.md (skip generation)
2026-03-16 09:53:00,194 [INFO] No new company draft needed. Use --force to override.


--- Run at 2026-03-16T09:52:59.955316 ---
2026-03-16 10:05:38,579 [INFO] LinkedIn Scheduler started (type: company)
2026-03-16 10:05:38,580 [INFO] Recent draft found: LI_CO_20260314_1001_ai_employee_for_founders.md (skip generation)
2026-03-16 10:05:38,580 [INFO] No new company draft needed. Use --force to override.
