2026-03-11 09:02:17,939 [INFO] LinkedIn Scheduler started (type: personal)
2026-03-11 09:02:17,939 [INFO] Recent draft found: LI_PERSONAL_20260311_0723_here_s_your_ai_driven_linkedin.md (skip generation)
2026-03-11 09:02:17,943 [INFO] No new personal draft needed. Use --force to override.


--- Run at 2026-03-11T09:02:17.701064 ---
2026-03-11 09:04:43,287 [INFO] LinkedIn Scheduler started (type: personal)
2026-03-11 09:04:43,288 [INFO] Recent draft found: LI_PERSONAL_20260311_0723_here_s_your_ai_driven_linkedin.md (skip generation)
2026-03-11 09:04:43,288 [INFO] No new personal draft needed. Use --force to override.


--- Run at 2026-03-11T09:04:43.027794 ---
2026-03-11 15:09:44,931 [INFO] LinkedIn Scheduler started (type: personal)
2026-03-11 15:09:44,934 [INFO] Recent draft found: LI_PERSONAL_20260311_0723_here_s_your_ai_driven_linkedin.md (skip generation)
2026-03-11 15:09:44,935 [INFO] No new personal draft needed. Use --force to override.


--- Run at 2026-03-11T15:09:42.613494 ---
2026-03-11 16:03:37,265 [INFO] LinkedIn Scheduler started (type: personal)
2026-03-11 16:03:37,276 [INFO] Recent draft found: LI_PERSONAL_20260311_0723_here_s_your_ai_driven_linkedin.md (skip generation)
2026-03-11 16:03:37,276 [INFO] No new personal draft needed. Use --force to override.


--- Run at 2026-03-11T16:03:36.249598 ---
2026-03-11 16:22:03,758 [INFO] LinkedIn Scheduler started (type: personal)
2026-03-11 16:22:03,758 [INFO] Recent draft found: LI_PERSONAL_20260311_0723_here_s_your_ai_driven_linkedin.md (skip generation)
2026-03-11 16:22:03,762 [INFO] No new personal draft needed. Use --force to override.


--- Run at 2026-03-11T16:22:03.334022 ---
2026-03-12 07:26:10,537 [INFO] LinkedIn Scheduler started (type: personal)
2026-03-12 07:26:10,539 [INFO] Recent draft found: LI_PERSONAL_20260311_0723_here_s_your_ai_driven_linkedin.md (skip generation)
2026-03-12 07:26:10,540 [INFO] No new personal draft needed. Use --force to override.


--- Run at 2026-03-12T07:26:10.158852 ---
2026-03-12 15:12:02,787 [INFO] LinkedIn Scheduler started (type: personal)
2026-03-12 15:12:02,792 [INFO] Recent draft found: LI_PERSONAL_20260311_0723_here_s_your_ai_driven_linkedin.md (skip generation)
2026-03-12 15:12:02,793 [INFO] No new personal draft needed. Use --force to override.


--- Run at 2026-03-12T15:11:59.235510 ---
2026-03-12 15:16:54,369 [INFO] LinkedIn Scheduler started (type: personal)
2026-03-12 15:16:54,372 [INFO] Recent draft found: LI_PERSONAL_20260311_0723_here_s_your_ai_driven_linkedin.md (skip generation)
2026-03-12 15:16:54,372 [INFO] No new personal draft needed. Use --force to override.


--- Run at 2026-03-12T15:16:54.097930 ---
2026-03-13 22:17:28,767 [INFO] LinkedIn Scheduler started (type: personal)
2026-03-13 22:17:28,771 [INFO] Recent draft found: LI_PERSONAL_20260311_0723_here_s_your_ai_driven_linkedin.md (skip generation)
2026-03-13 22:17:28,771 [INFO] No new personal draft needed. Use --force to override.
2026-03-13 23:04:09,107 [INFO] LinkedIn Scheduler started (type: personal)
2026-03-13 23:04:09,108 [INFO] Recent draft found: LI_PERSONAL_20260311_0723_here_s_your_ai_driven_linkedin.md (skip generation)
2026-03-13 23:04:09,109 [INFO] No new personal draft needed. Use --force to override.
2026-03-14 07:27:29,259 [INFO] LinkedIn Scheduler started (type: personal)
2026-03-14 07:27:29,261 [INFO] Recent draft found: LI_PERSONAL_20260311_0734_my_business_goals_reflect_what.md (skip generation)
2026-03-14 07:27:29,261 [INFO] No new personal draft needed. Use --force to override.
2026-03-14 22:30:58,263 [INFO] LinkedIn Scheduler started (type: personal)
2026-03-14 22:30:58,266 [INFO] Recent draft found: LI_PERSONAL_20260314_1000_ai_agent_ecosystem_founders.md (skip generation)
2026-03-14 22:30:58,266 [INFO] No new personal draft needed. Use --force to override.


--- Run at 2026-03-14T22:30:58.042773 ---
2026-03-15 22:03:14,444 [INFO] LinkedIn Scheduler started (type: personal)
2026-03-15 22:03:14,447 [INFO] Recent draft found: LI_PERSONAL_20260314_1000_ai_agent_ecosystem_founders.md (skip generation)
2026-03-15 22:03:14,915 [INFO] No new personal draft needed. Use --force to override.


--- Run at 2026-03-15T22:03:14.137282 ---
2026-03-15 22:11:35,372 [INFO] LinkedIn Scheduler started (type: personal)
2026-03-15 22:11:35,373 [INFO] Recent draft found: LI_PERSONAL_20260314_1000_ai_agent_ecosystem_founders.md (skip generation)
2026-03-15 22:11:35,373 [INFO] No new personal draft needed. Use --force to override.


--- Run at 2026-03-15T22:11:35.138155 ---
2026-03-15 22:45:46,629 [INFO] LinkedIn Scheduler started (type: personal)
2026-03-15 22:45:46,631 [INFO] Recent draft found: LI_PERSONAL_20260314_1000_ai_agent_ecosystem_founders.md (skip generation)
2026-03-15 22:45:46,632 [INFO] No new personal draft needed. Use --force to override.


--- Run at 2026-03-15T22:45:46.096358 ---
2026-03-16 06:16:37,818 [INFO] LinkedIn Scheduler started (type: personal)
2026-03-16 06:16:37,821 [INFO] Recent draft found: LI_PERSONAL_20260314_1000_ai_agent_ecosystem_founders.md (skip generation)
2026-03-16 06:16:37,821 [INFO] No new personal draft needed. Use --force to override.


--- Run at 2026-03-16T06:16:37.475388 ---
2026-03-16 06:51:45,462 [INFO] LinkedIn Scheduler started (type: personal)
2026-03-16 06:51:45,711 [INFO] Recent draft found: LI_PERSONAL_20260314_1000_ai_agent_ecosystem_founders.md (skip generation)
2026-03-16 06:51:45,712 [INFO] No new personal draft needed. Use --force to override.


--- Run at 2026-03-16T06:51:44.515622 ---
2026-03-16 09:52:59,931 [INFO] LinkedIn Scheduler started (type: personal)
2026-03-16 09:52:59,934 [INFO] Recent draft found: LI_PERSONAL_20260314_1000_ai_agent_ecosystem_founders.md (skip generation)
2026-03-16 09:52:59,934 [INFO] No new personal draft needed. Use --force to override.


--- Run at 2026-03-16T09:52:59.655014 ---
2026-03-16 10:05:38,046 [INFO] LinkedIn Scheduler started (type: personal)
2026-03-16 10:05:38,049 [INFO] Recent draft found: LI_PERSONAL_20260314_1000_ai_agent_ecosystem_founders.md (skip generation)
2026-03-16 10:05:38,049 [INFO] No new personal draft needed. Use --force to override.
