2026-03-11 15:09:38,798 [WATCHDOG] Watchdog started. Monitoring 2 processes every 60s.
2026-03-11 15:09:38,800 [WATCHDOG] Processes: gmail_oauth_watcher, whatsapp_watcher
2026-03-11 15:09:40,214 [WATCHDOG] Health check: gmail_oauth_watcher: UP | whatsapp_watcher: UP
2026-03-11 15:10:40,854 [WATCHDOG] Health check: gmail_oauth_watcher: UP | whatsapp_watcher: UP
2026-03-11 15:11:41,886 [WATCHDOG] Health check: gmail_oauth_watcher: UP | whatsapp_watcher: UP
2026-03-11 15:12:42,986 [WATCHDOG] Health check: gmail_oauth_watcher: UP | whatsapp_watcher: UP
2026-03-11 15:13:44,398 [WATCHDOG] Health check: gmail_oauth_watcher: UP | whatsapp_watcher: UP
2026-03-11 15:14:45,479 [WATCHDOG] Health check: gmail_oauth_watcher: UP | whatsapp_watcher: UP
2026-03-11 15:15:46,568 [WATCHDOG] Health check: gmail_oauth_watcher: UP | whatsapp_watcher: UP
2026-03-11 15:16:47,673 [WATCHDOG] Health check: gmail_oauth_watcher: UP | whatsapp_watcher: UP
2026-03-11 15:17:48,920 [WATCHDOG] Health check: gmail_oauth_watcher: UP | whatsapp_watcher: UP
2026-03-11 15:18:50,268 [WATCHDOG] Health check: gmail_oauth_watcher: UP | whatsapp_watcher: UP
2026-03-11 15:19:52,018 [WATCHDOG] Health check: gmail_oauth_watcher: UP | whatsapp_watcher: UP
2026-03-11 15:20:52,968 [WATCHDOG] Health check: gmail_oauth_watcher: UP | whatsapp_watcher: UP
2026-03-11 15:21:54,199 [WATCHDOG] Health check: gmail_oauth_watcher: UP | whatsapp_watcher: UP
2026-03-11 15:22:56,060 [WATCHDOG] Health check: gmail_oauth_watcher: UP | whatsapp_watcher: UP
2026-03-11 15:23:57,266 [WATCHDOG] Health check: gmail_oauth_watcher: UP | whatsapp_watcher: UP
2026-03-11 15:24:58,034 [WATCHDOG] Health check: gmail_oauth_watcher: UP | whatsapp_watcher: UP
2026-03-11 15:25:59,060 [WATCHDOG] Health check: gmail_oauth_watcher: UP | whatsapp_watcher: UP
2026-03-11 15:26:59,982 [WATCHDOG] Health check: gmail_oauth_watcher: UP | whatsapp_watcher: UP
2026-03-11 15:28:03,005 [WATCHDOG] Health check: gmail_oauth_watcher: UP | whatsapp_watcher: UP
2026-03-11 15:29:04,255 [WATCHDOG] Health check: gmail_oauth_watcher: UP | whatsapp_watcher: UP
2026-03-11 15:30:14,090 [WATCHDOG] Health check: gmail_oauth_watcher: UP | whatsapp_watcher: UP
2026-03-11 15:31:16,666 [WATCHDOG] Health check: gmail_oauth_watcher: UP | whatsapp_watcher: UP
2026-03-11 15:32:18,516 [WATCHDOG] Health check: gmail_oauth_watcher: UP | whatsapp_watcher: UP
2026-03-11 15:33:19,399 [WATCHDOG] Health check: gmail_oauth_watcher: UP | whatsapp_watcher: UP
2026-03-11 15:34:20,239 [WATCHDOG] Health check: gmail_oauth_watcher: UP | whatsapp_watcher: UP
2026-03-11 15:35:21,599 [WATCHDOG] Health check: gmail_oauth_watcher: UP | whatsapp_watcher: UP
2026-03-11 15:36:22,585 [WATCHDOG] Health check: gmail_oauth_watcher: UP | whatsapp_watcher: UP
2026-03-11 15:37:26,744 [WATCHDOG] Health check: gmail_oauth_watcher: UP | whatsapp_watcher: UP
2026-03-11 15:38:31,695 [WATCHDOG] Health check: gmail_oauth_watcher: UP | whatsapp_watcher: UP
2026-03-11 15:39:32,759 [WATCHDOG] Health check: gmail_oauth_watcher: UP | whatsapp_watcher: UP
2026-03-11 15:40:33,829 [WATCHDOG] Health check: gmail_oauth_watcher: UP | whatsapp_watcher: UP
2026-03-11 15:41:35,070 [WATCHDOG] Health check: gmail_oauth_watcher: UP | whatsapp_watcher: UP
2026-03-11 15:42:37,424 [WATCHDOG] Health check: gmail_oauth_watcher: UP | whatsapp_watcher: UP
2026-03-11 15:43:39,397 [WATCHDOG] Health check: gmail_oauth_watcher: UP | whatsapp_watcher: UP
2026-03-11 15:44:40,785 [WATCHDOG] Health check: gmail_oauth_watcher: UP | whatsapp_watcher: UP
2026-03-11 15:45:41,881 [WATCHDOG] Health check: gmail_oauth_watcher: UP | whatsapp_watcher: UP
2026-03-11 15:46:49,653 [WATCHDOG] Health check: gmail_oauth_watcher: UP | whatsapp_watcher: UP
2026-03-11 15:47:50,972 [WATCHDOG] Health check: gmail_oauth_watcher: UP | whatsapp_watcher: UP
2026-03-11 15:48:55,007 [WATCHDOG] Health check: gmail_oauth_watcher: UP | whatsapp_watcher: UP
2026-03-11 15:49:56,318 [WATCHDOG] Health check: gmail_oauth_watcher: UP | whatsapp_watcher: UP
2026-03-11 15:51:05,213 [WATCHDOG] Health check: gmail_oauth_watcher: UP | whatsapp_watcher: UP
2026-03-11 15:52:14,423 [WATCHDOG] Health check: gmail_oauth_watcher: UP | whatsapp_watcher: UP
2026-03-11 15:53:22,749 [WATCHDOG] Health check: gmail_oauth_watcher: UP | whatsapp_watcher: UP
2026-03-11 15:54:26,400 [WATCHDOG] Health check: gmail_oauth_watcher: UP | whatsapp_watcher: UP
2026-03-11 15:54:44,989 [WATCHDOG] Watchdog stopped by user.
2026-03-11 16:03:28,486 [WATCHDOG] Watchdog started. Monitoring 2 processes every 60s.
2026-03-11 16:03:28,486 [WATCHDOG] Processes: gmail_oauth_watcher, whatsapp_watcher
2026-03-11 16:03:29,450 [WATCHDOG] Health check: gmail_oauth_watcher: UP | whatsapp_watcher: UP
2026-03-11 16:04:30,462 [WATCHDOG] Health check: gmail_oauth_watcher: UP | whatsapp_watcher: UP
2026-03-11 16:05:33,023 [WATCHDOG] Health check: gmail_oauth_watcher: UP | whatsapp_watcher: UP
2026-03-11 16:06:34,909 [WATCHDOG] Health check: gmail_oauth_watcher: UP | whatsapp_watcher: UP
2026-03-11 16:07:36,050 [WATCHDOG] Health check: gmail_oauth_watcher: UP | whatsapp_watcher: UP
2026-03-11 16:08:37,246 [WATCHDOG] Health check: gmail_oauth_watcher: UP | whatsapp_watcher: UP
2026-03-11 16:09:38,143 [WATCHDOG] Health check: gmail_oauth_watcher: UP | whatsapp_watcher: UP
2026-03-11 16:10:38,972 [WATCHDOG] Health check: gmail_oauth_watcher: UP | whatsapp_watcher: UP
2026-03-11 16:11:40,142 [WATCHDOG] Health check: gmail_oauth_watcher: UP | whatsapp_watcher: UP
2026-03-11 16:12:41,090 [WATCHDOG] Health check: gmail_oauth_watcher: UP | whatsapp_watcher: UP
2026-03-11 16:13:42,037 [WATCHDOG] Health check: gmail_oauth_watcher: UP | whatsapp_watcher: UP
2026-03-11 16:14:43,343 [WATCHDOG] Health check: gmail_oauth_watcher: UP | whatsapp_watcher: UP
2026-03-11 16:15:44,999 [WATCHDOG] Health check: gmail_oauth_watcher: UP | whatsapp_watcher: UP
2026-03-11 16:16:46,078 [WATCHDOG] Health check: gmail_oauth_watcher: UP | whatsapp_watcher: UP
2026-03-11 16:17:46,856 [WATCHDOG] Health check: gmail_oauth_watcher: UP | whatsapp_watcher: UP
2026-03-11 16:18:47,971 [WATCHDOG] Health check: gmail_oauth_watcher: UP | whatsapp_watcher: UP
2026-03-11 16:19:48,705 [WATCHDOG] Health check: gmail_oauth_watcher: UP | whatsapp_watcher: UP
2026-03-11 16:20:50,148 [WATCHDOG] Health check: gmail_oauth_watcher: UP | whatsapp_watcher: UP
2026-03-11 16:21:51,401 [WATCHDOG] Health check: gmail_oauth_watcher: UP | whatsapp_watcher: UP
2026-03-11 16:21:57,896 [WATCHDOG] Watchdog stopped by user.
2026-03-11 16:22:03,352 [WATCHDOG] Watchdog started. Monitoring 2 processes every 60s.
2026-03-11 16:22:03,353 [WATCHDOG] Processes: gmail_oauth_watcher, whatsapp_watcher
2026-03-11 16:22:04,343 [WATCHDOG] Health check: gmail_oauth_watcher: UP | whatsapp_watcher: UP
2026-03-11 16:23:05,376 [WATCHDOG] Health check: gmail_oauth_watcher: UP | whatsapp_watcher: UP
2026-03-11 16:24:06,229 [WATCHDOG] Health check: gmail_oauth_watcher: UP | whatsapp_watcher: UP
2026-03-11 16:25:07,422 [WATCHDOG] Health check: gmail_oauth_watcher: UP | whatsapp_watcher: UP
2026-03-11 16:26:15,597 [WATCHDOG] Health check: gmail_oauth_watcher: UP | whatsapp_watcher: UP
2026-03-11 16:27:21,081 [WATCHDOG] Health check: gmail_oauth_watcher: UP | whatsapp_watcher: UP
2026-03-11 16:28:22,203 [WATCHDOG] Health check: gmail_oauth_watcher: UP | whatsapp_watcher: UP
2026-03-11 16:29:26,015 [WATCHDOG] Health check: gmail_oauth_watcher: UP | whatsapp_watcher: UP
2026-03-11 16:30:27,040 [WATCHDOG] Health check: gmail_oauth_watcher: UP | whatsapp_watcher: UP
2026-03-11 16:31:27,943 [WATCHDOG] Health check: gmail_oauth_watcher: UP | whatsapp_watcher: UP
2026-03-11 16:32:28,978 [WATCHDOG] Health check: gmail_oauth_watcher: UP | whatsapp_watcher: UP
2026-03-11 16:33:29,885 [WATCHDOG] Health check: gmail_oauth_watcher: UP | whatsapp_watcher: UP
2026-03-11 16:34:31,191 [WATCHDOG] Health check: gmail_oauth_watcher: UP | whatsapp_watcher: UP
2026-03-11 16:35:32,373 [WATCHDOG] Health check: gmail_oauth_watcher: UP | whatsapp_watcher: UP
2026-03-11 16:36:33,760 [WATCHDOG] Health check: gmail_oauth_watcher: UP | whatsapp_watcher: UP
2026-03-11 16:37:35,633 [WATCHDOG] Health check: gmail_oauth_watcher: UP | whatsapp_watcher: UP
2026-03-11 16:38:36,571 [WATCHDOG] Health check: gmail_oauth_watcher: UP | whatsapp_watcher: UP
2026-03-11 17:43:19,496 [WATCHDOG] Health check: gmail_oauth_watcher: UP | whatsapp_watcher: UP
2026-03-11 17:44:20,935 [WATCHDOG] Health check: gmail_oauth_watcher: UP | whatsapp_watcher: UP
2026-03-11 17:45:21,560 [WATCHDOG] Health check: gmail_oauth_watcher: UP | whatsapp_watcher: UP
2026-03-11 17:46:22,040 [WATCHDOG] Health check: gmail_oauth_watcher: UP | whatsapp_watcher: UP
2026-03-11 17:47:22,515 [WATCHDOG] Health check: gmail_oauth_watcher: UP | whatsapp_watcher: UP
2026-03-11 17:48:23,271 [WATCHDOG] Health check: gmail_oauth_watcher: UP | whatsapp_watcher: UP
2026-03-11 17:49:24,631 [WATCHDOG] Health check: gmail_oauth_watcher: UP | whatsapp_watcher: UP
2026-03-11 17:50:25,778 [WATCHDOG] Health check: gmail_oauth_watcher: UP | whatsapp_watcher: UP
2026-03-11 17:51:26,246 [WATCHDOG] Health check: gmail_oauth_watcher: UP | whatsapp_watcher: UP
2026-03-11 17:52:27,449 [WATCHDOG] Health check: gmail_oauth_watcher: UP | whatsapp_watcher: UP
2026-03-11 17:53:27,996 [WATCHDOG] Health check: gmail_oauth_watcher: UP | whatsapp_watcher: UP
2026-03-11 17:54:28,640 [WATCHDOG] Health check: gmail_oauth_watcher: UP | whatsapp_watcher: UP
2026-03-11 17:55:29,103 [WATCHDOG] Health check: gmail_oauth_watcher: UP | whatsapp_watcher: UP
2026-03-11 17:56:29,562 [WATCHDOG] Health check: gmail_oauth_watcher: UP | whatsapp_watcher: UP
2026-03-11 17:57:30,189 [WATCHDOG] Health check: gmail_oauth_watcher: UP | whatsapp_watcher: UP
2026-03-11 17:58:30,756 [WATCHDOG] Health check: gmail_oauth_watcher: UP | whatsapp_watcher: UP
2026-03-11 17:59:32,496 [WATCHDOG] Health check: gmail_oauth_watcher: UP | whatsapp_watcher: UP
2026-03-11 18:00:32,968 [WATCHDOG] Health check: gmail_oauth_watcher: UP | whatsapp_watcher: UP
2026-03-11 18:01:33,507 [WATCHDOG] Health check: gmail_oauth_watcher: UP | whatsapp_watcher: UP
2026-03-11 18:02:34,914 [WATCHDOG] Health check: gmail_oauth_watcher: UP | whatsapp_watcher: UP
2026-03-11 18:03:35,482 [WATCHDOG] Health check: gmail_oauth_watcher: UP | whatsapp_watcher: UP
2026-03-11 18:04:35,991 [WATCHDOG] Health check: gmail_oauth_watcher: UP | whatsapp_watcher: UP
2026-03-11 18:05:36,493 [WATCHDOG] Health check: gmail_oauth_watcher: UP | whatsapp_watcher: UP
2026-03-11 18:06:37,059 [WATCHDOG] Health check: gmail_oauth_watcher: UP | whatsapp_watcher: UP
2026-03-11 18:07:38,442 [WATCHDOG] Health check: gmail_oauth_watcher: UP | whatsapp_watcher: UP
2026-03-11 18:08:39,070 [WATCHDOG] Health check: gmail_oauth_watcher: UP | whatsapp_watcher: UP
2026-03-11 18:09:39,559 [WATCHDOG] Health check: gmail_oauth_watcher: UP | whatsapp_watcher: UP
2026-03-11 18:10:41,228 [WATCHDOG] Health check: gmail_oauth_watcher: UP | whatsapp_watcher: UP
2026-03-11 18:11:42,852 [WATCHDOG] Health check: gmail_oauth_watcher: UP | whatsapp_watcher: UP
2026-03-11 18:12:43,383 [WATCHDOG] Health check: gmail_oauth_watcher: UP | whatsapp_watcher: UP
2026-03-11 18:13:43,867 [WATCHDOG] Health check: gmail_oauth_watcher: UP | whatsapp_watcher: UP
2026-03-11 18:14:44,444 [WATCHDOG] Health check: gmail_oauth_watcher: UP | whatsapp_watcher: UP
2026-03-11 18:15:45,089 [WATCHDOG] Health check: gmail_oauth_watcher: UP | whatsapp_watcher: UP
2026-03-11 18:16:45,808 [WATCHDOG] Health check: gmail_oauth_watcher: UP | whatsapp_watcher: UP
2026-03-11 18:17:46,305 [WATCHDOG] Health check: gmail_oauth_watcher: UP | whatsapp_watcher: UP
2026-03-11 18:18:46,793 [WATCHDOG] Health check: gmail_oauth_watcher: UP | whatsapp_watcher: UP
2026-03-11 18:19:47,386 [WATCHDOG] Health check: gmail_oauth_watcher: UP | whatsapp_watcher: UP
2026-03-11 18:20:48,749 [WATCHDOG] Health check: gmail_oauth_watcher: UP | whatsapp_watcher: UP
2026-03-11 18:21:49,239 [WATCHDOG] Health check: gmail_oauth_watcher: UP | whatsapp_watcher: UP
2026-03-11 18:22:49,713 [WATCHDOG] Health check: gmail_oauth_watcher: UP | whatsapp_watcher: UP
2026-03-11 18:23:50,868 [WATCHDOG] Health check: gmail_oauth_watcher: UP | whatsapp_watcher: UP
2026-03-11 18:24:51,595 [WATCHDOG] Health check: gmail_oauth_watcher: UP | whatsapp_watcher: UP
2026-03-11 18:25:52,568 [WATCHDOG] Health check: gmail_oauth_watcher: UP | whatsapp_watcher: UP
2026-03-11 18:26:53,329 [WATCHDOG] Health check: gmail_oauth_watcher: UP | whatsapp_watcher: UP
2026-03-11 18:27:54,837 [WATCHDOG] Health check: gmail_oauth_watcher: UP | whatsapp_watcher: UP
2026-03-11 18:28:56,391 [WATCHDOG] Health check: gmail_oauth_watcher: UP | whatsapp_watcher: UP
2026-03-11 18:29:57,565 [WATCHDOG] Health check: gmail_oauth_watcher: UP | whatsapp_watcher: UP
2026-03-11 18:30:58,593 [WATCHDOG] Health check: gmail_oauth_watcher: UP | whatsapp_watcher: UP
2026-03-11 18:31:59,727 [WATCHDOG] Health check: gmail_oauth_watcher: UP | whatsapp_watcher: UP
2026-03-11 18:33:00,665 [WATCHDOG] Health check: gmail_oauth_watcher: UP | whatsapp_watcher: UP
2026-03-11 18:34:01,911 [WATCHDOG] Health check: gmail_oauth_watcher: UP | whatsapp_watcher: UP
2026-03-11 18:35:03,048 [WATCHDOG] Health check: gmail_oauth_watcher: UP | whatsapp_watcher: UP
2026-03-11 18:36:04,025 [WATCHDOG] Health check: gmail_oauth_watcher: UP | whatsapp_watcher: UP
2026-03-11 18:37:05,145 [WATCHDOG] Health check: gmail_oauth_watcher: UP | whatsapp_watcher: UP
2026-03-11 18:38:06,118 [WATCHDOG] Health check: gmail_oauth_watcher: UP | whatsapp_watcher: UP
2026-03-11 18:39:07,387 [WATCHDOG] Health check: gmail_oauth_watcher: UP | whatsapp_watcher: UP
2026-03-11 18:40:08,908 [WATCHDOG] Health check: gmail_oauth_watcher: UP | whatsapp_watcher: UP
2026-03-11 18:41:09,750 [WATCHDOG] Health check: gmail_oauth_watcher: UP | whatsapp_watcher: UP
2026-03-11 18:42:10,902 [WATCHDOG] Health check: gmail_oauth_watcher: UP | whatsapp_watcher: UP
2026-03-11 18:43:11,977 [WATCHDOG] Health check: gmail_oauth_watcher: UP | whatsapp_watcher: UP
2026-03-11 18:44:13,263 [WATCHDOG] Health check: gmail_oauth_watcher: UP | whatsapp_watcher: UP
2026-03-11 18:45:14,274 [WATCHDOG] Health check: gmail_oauth_watcher: UP | whatsapp_watcher: UP
2026-03-11 18:46:15,486 [WATCHDOG] Health check: gmail_oauth_watcher: UP | whatsapp_watcher: UP
2026-03-11 18:47:16,514 [WATCHDOG] Health check: gmail_oauth_watcher: UP | whatsapp_watcher: UP
2026-03-11 18:48:17,833 [WATCHDOG] Health check: gmail_oauth_watcher: UP | whatsapp_watcher: UP
2026-03-11 18:49:18,911 [WATCHDOG] Health check: gmail_oauth_watcher: UP | whatsapp_watcher: UP
2026-03-11 18:50:19,803 [WATCHDOG] Health check: gmail_oauth_watcher: UP | whatsapp_watcher: UP
2026-03-11 18:51:20,541 [WATCHDOG] Health check: gmail_oauth_watcher: UP | whatsapp_watcher: UP
2026-03-11 18:52:22,397 [WATCHDOG] Health check: gmail_oauth_watcher: UP | whatsapp_watcher: UP
2026-03-11 18:53:23,781 [WATCHDOG] Health check: gmail_oauth_watcher: UP | whatsapp_watcher: UP
2026-03-11 18:54:24,616 [WATCHDOG] Health check: gmail_oauth_watcher: UP | whatsapp_watcher: UP
2026-03-11 18:55:25,307 [WATCHDOG] Health check: gmail_oauth_watcher: UP | whatsapp_watcher: UP
2026-03-11 18:56:26,254 [WATCHDOG] Health check: gmail_oauth_watcher: UP | whatsapp_watcher: UP
2026-03-11 18:57:27,029 [WATCHDOG] Health check: gmail_oauth_watcher: UP | whatsapp_watcher: UP
2026-03-11 18:58:27,994 [WATCHDOG] Health check: gmail_oauth_watcher: UP | whatsapp_watcher: UP
2026-03-11 18:59:28,823 [WATCHDOG] Health check: gmail_oauth_watcher: UP | whatsapp_watcher: UP
2026-03-11 19:00:29,657 [WATCHDOG] Health check: gmail_oauth_watcher: UP | whatsapp_watcher: UP
2026-03-11 19:01:30,328 [WATCHDOG] Health check: gmail_oauth_watcher: UP | whatsapp_watcher: UP
2026-03-11 19:02:31,879 [WATCHDOG] Health check: gmail_oauth_watcher: UP | whatsapp_watcher: UP
2026-03-11 19:03:33,496 [WATCHDOG] Health check: gmail_oauth_watcher: UP | whatsapp_watcher: UP
2026-03-11 19:04:34,283 [WATCHDOG] Health check: gmail_oauth_watcher: UP | whatsapp_watcher: UP
2026-03-11 19:05:35,232 [WATCHDOG] Health check: gmail_oauth_watcher: UP | whatsapp_watcher: UP
2026-03-11 19:06:36,352 [WATCHDOG] Health check: gmail_oauth_watcher: UP | whatsapp_watcher: UP
2026-03-11 19:07:37,021 [WATCHDOG] Health check: gmail_oauth_watcher: UP | whatsapp_watcher: UP
2026-03-11 19:08:37,912 [WATCHDOG] Health check: gmail_oauth_watcher: UP | whatsapp_watcher: UP
2026-03-11 19:09:38,612 [WATCHDOG] Health check: gmail_oauth_watcher: UP | whatsapp_watcher: UP
2026-03-11 19:10:40,552 [WATCHDOG] Health check: gmail_oauth_watcher: UP | whatsapp_watcher: UP
2026-03-11 19:11:41,338 [WATCHDOG] Health check: gmail_oauth_watcher: UP | whatsapp_watcher: UP
2026-03-11 19:12:42,578 [WATCHDOG] Health check: gmail_oauth_watcher: UP | whatsapp_watcher: UP
2026-03-11 19:13:44,502 [WATCHDOG] Health check: gmail_oauth_watcher: UP | whatsapp_watcher: UP
2026-03-11 19:14:45,187 [WATCHDOG] Health check: gmail_oauth_watcher: UP | whatsapp_watcher: UP
2026-03-11 19:15:46,031 [WATCHDOG] Health check: gmail_oauth_watcher: UP | whatsapp_watcher: UP
2026-03-11 19:16:46,874 [WATCHDOG] Health check: gmail_oauth_watcher: UP | whatsapp_watcher: UP
2026-03-11 19:17:48,771 [WATCHDOG] Health check: gmail_oauth_watcher: UP | whatsapp_watcher: UP
2026-03-11 19:18:50,182 [WATCHDOG] Health check: gmail_oauth_watcher: UP | whatsapp_watcher: UP
2026-03-11 19:19:51,124 [WATCHDOG] Health check: gmail_oauth_watcher: UP | whatsapp_watcher: UP
2026-03-11 19:20:52,240 [WATCHDOG] Health check: gmail_oauth_watcher: UP | whatsapp_watcher: UP
2026-03-11 19:21:53,196 [WATCHDOG] Health check: gmail_oauth_watcher: UP | whatsapp_watcher: UP
2026-03-11 19:22:53,783 [WATCHDOG] Health check: gmail_oauth_watcher: UP | whatsapp_watcher: UP
2026-03-11 19:23:55,798 [WATCHDOG] Health check: gmail_oauth_watcher: UP | whatsapp_watcher: UP
2026-03-11 19:24:56,473 [WATCHDOG] Health check: gmail_oauth_watcher: UP | whatsapp_watcher: UP
2026-03-11 19:25:57,798 [WATCHDOG] Health check: gmail_oauth_watcher: UP | whatsapp_watcher: UP
2026-03-11 19:26:58,459 [WATCHDOG] Health check: gmail_oauth_watcher: UP | whatsapp_watcher: UP
2026-03-11 19:27:59,050 [WATCHDOG] Health check: gmail_oauth_watcher: UP | whatsapp_watcher: UP
2026-03-11 19:28:59,620 [WATCHDOG] Health check: gmail_oauth_watcher: UP | whatsapp_watcher: UP
2026-03-11 19:30:00,281 [WATCHDOG] Health check: gmail_oauth_watcher: UP | whatsapp_watcher: UP
2026-03-11 19:31:00,977 [WATCHDOG] Health check: gmail_oauth_watcher: UP | whatsapp_watcher: UP
2026-03-11 19:32:01,616 [WATCHDOG] Health check: gmail_oauth_watcher: UP | whatsapp_watcher: UP
2026-03-11 19:33:02,470 [WATCHDOG] Health check: gmail_oauth_watcher: UP | whatsapp_watcher: UP
2026-03-11 19:34:03,844 [WATCHDOG] Health check: gmail_oauth_watcher: UP | whatsapp_watcher: UP
2026-03-11 19:35:05,101 [WATCHDOG] Health check: gmail_oauth_watcher: UP | whatsapp_watcher: UP
2026-03-11 19:36:06,181 [WATCHDOG] Health check: gmail_oauth_watcher: UP | whatsapp_watcher: UP
2026-03-11 19:37:07,332 [WATCHDOG] Health check: gmail_oauth_watcher: UP | whatsapp_watcher: UP
2026-03-11 19:38:08,362 [WATCHDOG] Health check: gmail_oauth_watcher: UP | whatsapp_watcher: UP
2026-03-11 19:39:09,866 [WATCHDOG] Health check: gmail_oauth_watcher: UP | whatsapp_watcher: UP
2026-03-11 19:40:10,860 [WATCHDOG] Health check: gmail_oauth_watcher: UP | whatsapp_watcher: UP
2026-03-11 19:40:53,154 [WATCHDOG] Watchdog stopped by user.
2026-03-12 07:26:09,742 [WATCHDOG] Watchdog started. Monitoring 2 processes every 60s.
2026-03-12 07:26:09,744 [WATCHDOG] Processes: gmail_oauth_watcher, whatsapp_watcher
2026-03-12 07:26:11,106 [WATCHDOG] Health check: gmail_oauth_watcher: UP | whatsapp_watcher: UP
2026-03-12 07:27:12,824 [WATCHDOG] Health check: gmail_oauth_watcher: UP | whatsapp_watcher: UP
2026-03-12 07:28:13,575 [WATCHDOG] Health check: gmail_oauth_watcher: UP | whatsapp_watcher: UP
2026-03-12 07:29:17,646 [WATCHDOG] Health check: gmail_oauth_watcher: UP | whatsapp_watcher: UP
2026-03-12 07:30:18,530 [WATCHDOG] Health check: gmail_oauth_watcher: UP | whatsapp_watcher: UP
2026-03-12 07:31:19,694 [WATCHDOG] Health check: gmail_oauth_watcher: UP | whatsapp_watcher: UP
2026-03-12 07:32:21,106 [WATCHDOG] Health check: gmail_oauth_watcher: UP | whatsapp_watcher: UP
2026-03-12 07:33:22,029 [WATCHDOG] Health check: gmail_oauth_watcher: UP | whatsapp_watcher: UP
2026-03-12 07:34:22,752 [WATCHDOG] Health check: gmail_oauth_watcher: UP | whatsapp_watcher: UP
2026-03-12 07:35:24,101 [WATCHDOG] Health check: gmail_oauth_watcher: UP | whatsapp_watcher: UP
2026-03-12 07:36:25,475 [WATCHDOG] Health check: gmail_oauth_watcher: UP | whatsapp_watcher: UP
2026-03-12 07:37:26,540 [WATCHDOG] Health check: gmail_oauth_watcher: UP | whatsapp_watcher: UP
2026-03-12 07:38:27,430 [WATCHDOG] Health check: gmail_oauth_watcher: UP | whatsapp_watcher: UP
2026-03-12 07:39:28,400 [WATCHDOG] Health check: gmail_oauth_watcher: UP | whatsapp_watcher: UP
2026-03-12 07:40:29,233 [WATCHDOG] Health check: gmail_oauth_watcher: UP | whatsapp_watcher: UP
2026-03-12 07:41:30,457 [WATCHDOG] Health check: gmail_oauth_watcher: UP | whatsapp_watcher: UP
2026-03-12 07:42:31,917 [WATCHDOG] Health check: gmail_oauth_watcher: UP | whatsapp_watcher: UP
2026-03-12 07:43:32,986 [WATCHDOG] Health check: gmail_oauth_watcher: UP | whatsapp_watcher: UP
2026-03-12 07:44:34,480 [WATCHDOG] Health check: gmail_oauth_watcher: UP | whatsapp_watcher: UP
2026-03-12 07:45:35,586 [WATCHDOG] Health check: gmail_oauth_watcher: UP | whatsapp_watcher: UP
2026-03-12 07:46:36,547 [WATCHDOG] Health check: gmail_oauth_watcher: UP | whatsapp_watcher: UP
2026-03-12 07:47:37,508 [WATCHDOG] Health check: gmail_oauth_watcher: UP | whatsapp_watcher: UP
2026-03-12 07:48:38,275 [WATCHDOG] Health check: gmail_oauth_watcher: UP | whatsapp_watcher: UP
2026-03-12 07:49:40,660 [WATCHDOG] Health check: gmail_oauth_watcher: UP | whatsapp_watcher: UP
2026-03-12 07:50:41,821 [WATCHDOG] Health check: gmail_oauth_watcher: UP | whatsapp_watcher: UP
2026-03-12 07:51:42,619 [WATCHDOG] Health check: gmail_oauth_watcher: UP | whatsapp_watcher: UP
2026-03-12 07:52:44,491 [WATCHDOG] Health check: gmail_oauth_watcher: UP | whatsapp_watcher: UP
2026-03-12 07:53:48,720 [WATCHDOG] Health check: gmail_oauth_watcher: UP | whatsapp_watcher: UP
2026-03-12 07:54:49,453 [WATCHDOG] Health check: gmail_oauth_watcher: UP | whatsapp_watcher: UP
2026-03-12 07:55:51,116 [WATCHDOG] Health check: gmail_oauth_watcher: UP | whatsapp_watcher: UP
2026-03-12 07:56:51,695 [WATCHDOG] Health check: gmail_oauth_watcher: UP | whatsapp_watcher: UP
2026-03-12 07:57:52,347 [WATCHDOG] Health check: gmail_oauth_watcher: UP | whatsapp_watcher: UP
2026-03-12 07:58:52,932 [WATCHDOG] Health check: gmail_oauth_watcher: UP | whatsapp_watcher: UP
2026-03-12 07:59:53,630 [WATCHDOG] Health check: gmail_oauth_watcher: UP | whatsapp_watcher: UP
2026-03-12 08:00:54,579 [WATCHDOG] Health check: gmail_oauth_watcher: UP | whatsapp_watcher: UP
2026-03-12 08:01:55,233 [WATCHDOG] Health check: gmail_oauth_watcher: UP | whatsapp_watcher: UP
2026-03-12 08:02:55,897 [WATCHDOG] Health check: gmail_oauth_watcher: UP | whatsapp_watcher: UP
2026-03-12 08:03:57,147 [WATCHDOG] Health check: gmail_oauth_watcher: UP | whatsapp_watcher: UP
2026-03-12 08:04:58,216 [WATCHDOG] Health check: gmail_oauth_watcher: UP | whatsapp_watcher: UP
2026-03-12 08:06:01,754 [WATCHDOG] Health check: gmail_oauth_watcher: UP | whatsapp_watcher: UP
2026-03-12 08:07:02,688 [WATCHDOG] Health check: gmail_oauth_watcher: UP | whatsapp_watcher: UP
2026-03-12 08:08:04,092 [WATCHDOG] Health check: gmail_oauth_watcher: UP | whatsapp_watcher: UP
2026-03-12 08:09:04,652 [WATCHDOG] Health check: gmail_oauth_watcher: UP | whatsapp_watcher: UP
2026-03-12 08:10:05,384 [WATCHDOG] Health check: gmail_oauth_watcher: UP | whatsapp_watcher: UP
2026-03-12 08:11:06,074 [WATCHDOG] Health check: gmail_oauth_watcher: UP | whatsapp_watcher: UP
2026-03-12 08:12:06,939 [WATCHDOG] Health check: gmail_oauth_watcher: UP | whatsapp_watcher: UP
2026-03-12 08:13:07,688 [WATCHDOG] Health check: gmail_oauth_watcher: UP | whatsapp_watcher: UP
2026-03-12 08:14:08,763 [WATCHDOG] Health check: gmail_oauth_watcher: UP | whatsapp_watcher: UP
2026-03-12 08:15:14,713 [WATCHDOG] Health check: gmail_oauth_watcher: UP | whatsapp_watcher: UP
2026-03-12 08:16:16,213 [WATCHDOG] Health check: gmail_oauth_watcher: UP | whatsapp_watcher: UP
2026-03-12 08:17:17,671 [WATCHDOG] Health check: gmail_oauth_watcher: UP | whatsapp_watcher: UP
2026-03-12 08:18:18,666 [WATCHDOG] Health check: gmail_oauth_watcher: UP | whatsapp_watcher: UP
2026-03-12 08:19:19,447 [WATCHDOG] Health check: gmail_oauth_watcher: UP | whatsapp_watcher: UP
2026-03-12 08:20:21,265 [WATCHDOG] Health check: gmail_oauth_watcher: UP | whatsapp_watcher: UP
2026-03-12 08:21:22,602 [WATCHDOG] Health check: gmail_oauth_watcher: UP | whatsapp_watcher: UP
2026-03-12 08:22:24,145 [WATCHDOG] Health check: gmail_oauth_watcher: UP | whatsapp_watcher: UP
2026-03-12 08:23:25,962 [WATCHDOG] Health check: gmail_oauth_watcher: UP | whatsapp_watcher: UP
2026-03-12 08:24:27,604 [WATCHDOG] Health check: gmail_oauth_watcher: UP | whatsapp_watcher: UP
2026-03-12 08:25:28,736 [WATCHDOG] Health check: gmail_oauth_watcher: UP | whatsapp_watcher: UP
2026-03-12 08:26:31,118 [WATCHDOG] Health check: gmail_oauth_watcher: UP | whatsapp_watcher: UP
2026-03-12 08:27:32,685 [WATCHDOG] Health check: gmail_oauth_watcher: UP | whatsapp_watcher: UP
2026-03-12 08:28:33,751 [WATCHDOG] Health check: gmail_oauth_watcher: UP | whatsapp_watcher: UP
2026-03-12 08:29:34,402 [WATCHDOG] Health check: gmail_oauth_watcher: UP | whatsapp_watcher: UP
2026-03-12 08:30:36,094 [WATCHDOG] Health check: gmail_oauth_watcher: UP | whatsapp_watcher: UP
2026-03-12 08:31:36,975 [WATCHDOG] Health check: gmail_oauth_watcher: UP | whatsapp_watcher: UP
2026-03-12 08:32:37,773 [WATCHDOG] Health check: gmail_oauth_watcher: UP | whatsapp_watcher: UP
2026-03-12 08:33:39,991 [WATCHDOG] Health check: gmail_oauth_watcher: UP | whatsapp_watcher: UP
2026-03-12 08:34:42,003 [WATCHDOG] Health check: gmail_oauth_watcher: UP | whatsapp_watcher: UP
2026-03-12 08:35:42,665 [WATCHDOG] Health check: gmail_oauth_watcher: UP | whatsapp_watcher: UP
2026-03-12 08:36:44,724 [WATCHDOG] Health check: gmail_oauth_watcher: UP | whatsapp_watcher: UP
2026-03-12 08:37:46,134 [WATCHDOG] Health check: gmail_oauth_watcher: UP | whatsapp_watcher: UP
2026-03-12 08:38:47,150 [WATCHDOG] Health check: gmail_oauth_watcher: UP | whatsapp_watcher: UP
2026-03-12 08:39:47,675 [WATCHDOG] Health check: gmail_oauth_watcher: UP | whatsapp_watcher: UP
2026-03-12 08:40:48,280 [WATCHDOG] Health check: gmail_oauth_watcher: UP | whatsapp_watcher: UP
2026-03-12 08:41:49,002 [WATCHDOG] Health check: gmail_oauth_watcher: UP | whatsapp_watcher: UP
2026-03-12 08:42:50,136 [WATCHDOG] Health check: gmail_oauth_watcher: UP | whatsapp_watcher: UP
2026-03-12 08:43:51,502 [WATCHDOG] Health check: gmail_oauth_watcher: UP | whatsapp_watcher: UP
2026-03-12 08:44:52,572 [WATCHDOG] Health check: gmail_oauth_watcher: UP | whatsapp_watcher: UP
2026-03-12 08:45:53,683 [WATCHDOG] Health check: gmail_oauth_watcher: UP | whatsapp_watcher: UP
2026-03-12 08:46:54,643 [WATCHDOG] Health check: gmail_oauth_watcher: UP | whatsapp_watcher: UP
2026-03-12 08:47:55,989 [WATCHDOG] Health check: gmail_oauth_watcher: UP | whatsapp_watcher: UP
2026-03-12 08:48:56,885 [WATCHDOG] Health check: gmail_oauth_watcher: UP | whatsapp_watcher: UP
2026-03-12 08:49:58,695 [WATCHDOG] Health check: gmail_oauth_watcher: UP | whatsapp_watcher: UP
2026-03-12 08:50:59,739 [WATCHDOG] Health check: gmail_oauth_watcher: UP | whatsapp_watcher: UP
2026-03-12 08:52:00,851 [WATCHDOG] Health check: gmail_oauth_watcher: UP | whatsapp_watcher: UP
2026-03-12 08:53:02,015 [WATCHDOG] Health check: gmail_oauth_watcher: UP | whatsapp_watcher: UP
2026-03-12 08:54:02,965 [WATCHDOG] Health check: gmail_oauth_watcher: UP | whatsapp_watcher: UP
2026-03-12 08:55:05,792 [WATCHDOG] Health check: gmail_oauth_watcher: UP | whatsapp_watcher: UP
2026-03-12 08:56:06,689 [WATCHDOG] Health check: gmail_oauth_watcher: UP | whatsapp_watcher: UP
2026-03-12 08:57:07,701 [WATCHDOG] Health check: gmail_oauth_watcher: UP | whatsapp_watcher: UP
2026-03-12 08:58:08,956 [WATCHDOG] Health check: gmail_oauth_watcher: UP | whatsapp_watcher: UP
2026-03-12 08:58:22,243 [WATCHDOG] Watchdog stopped by user.
2026-03-12 15:11:41,419 [WATCHDOG] Watchdog started. Monitoring 2 processes every 60s.
2026-03-12 15:11:41,420 [WATCHDOG] Processes: gmail_oauth_watcher, whatsapp_watcher
2026-03-12 15:11:44,183 [WATCHDOG] Health check: gmail_oauth_watcher: UP | whatsapp_watcher: UP
2026-03-12 15:12:46,775 [WATCHDOG] Health check: gmail_oauth_watcher: UP | whatsapp_watcher: UP
2026-03-12 15:13:50,793 [WATCHDOG] Health check: gmail_oauth_watcher: UP | whatsapp_watcher: UP
2026-03-12 15:14:53,032 [WATCHDOG] Health check: gmail_oauth_watcher: UP | whatsapp_watcher: UP
2026-03-12 15:15:56,506 [WATCHDOG] Health check: gmail_oauth_watcher: UP | whatsapp_watcher: UP
2026-03-12 15:16:57,812 [WATCHDOG] Health check: gmail_oauth_watcher: UP | whatsapp_watcher: UP
2026-03-12 15:17:59,230 [WATCHDOG] Health check: gmail_oauth_watcher: UP | whatsapp_watcher: UP
2026-03-12 15:19:00,899 [WATCHDOG] Health check: gmail_oauth_watcher: UP | whatsapp_watcher: UP
2026-03-12 15:20:04,673 [WATCHDOG] Health check: gmail_oauth_watcher: UP | whatsapp_watcher: UP
2026-03-12 15:21:08,652 [WATCHDOG] Health check: gmail_oauth_watcher: UP | whatsapp_watcher: UP
2026-03-12 15:22:13,959 [WATCHDOG] Health check: gmail_oauth_watcher: UP | whatsapp_watcher: UP
2026-03-12 15:23:15,588 [WATCHDOG] Health check: gmail_oauth_watcher: UP | whatsapp_watcher: UP
2026-03-12 15:24:17,153 [WATCHDOG] Health check: gmail_oauth_watcher: UP | whatsapp_watcher: UP
2026-03-12 15:25:18,857 [WATCHDOG] Health check: gmail_oauth_watcher: UP | whatsapp_watcher: UP
2026-03-12 15:26:21,256 [WATCHDOG] Health check: gmail_oauth_watcher: UP | whatsapp_watcher: UP
2026-03-12 15:27:23,747 [WATCHDOG] Health check: gmail_oauth_watcher: UP | whatsapp_watcher: UP
2026-03-12 15:28:25,187 [WATCHDOG] Health check: gmail_oauth_watcher: UP | whatsapp_watcher: UP
2026-03-12 15:29:26,730 [WATCHDOG] Health check: gmail_oauth_watcher: UP | whatsapp_watcher: UP
2026-03-12 15:30:28,439 [WATCHDOG] Health check: gmail_oauth_watcher: UP | whatsapp_watcher: UP
2026-03-12 15:31:30,361 [WATCHDOG] Health check: gmail_oauth_watcher: UP | whatsapp_watcher: UP
2026-03-12 15:32:33,417 [WATCHDOG] Health check: gmail_oauth_watcher: UP | whatsapp_watcher: UP
2026-03-12 15:33:34,557 [WATCHDOG] Health check: gmail_oauth_watcher: UP | whatsapp_watcher: UP
2026-03-12 15:34:35,939 [WATCHDOG] Health check: gmail_oauth_watcher: UP | whatsapp_watcher: UP
2026-03-12 15:35:36,985 [WATCHDOG] Health check: gmail_oauth_watcher: UP | whatsapp_watcher: UP
2026-03-12 15:36:38,420 [WATCHDOG] Health check: gmail_oauth_watcher: UP | whatsapp_watcher: UP
2026-03-12 15:37:40,517 [WATCHDOG] Health check: gmail_oauth_watcher: UP | whatsapp_watcher: UP
2026-03-12 15:38:42,764 [WATCHDOG] Health check: gmail_oauth_watcher: UP | whatsapp_watcher: UP
2026-03-12 15:39:45,015 [WATCHDOG] Health check: gmail_oauth_watcher: UP | whatsapp_watcher: UP
2026-03-12 15:40:46,753 [WATCHDOG] Health check: gmail_oauth_watcher: UP | whatsapp_watcher: UP
2026-03-12 15:41:47,881 [WATCHDOG] Health check: gmail_oauth_watcher: UP | whatsapp_watcher: UP
2026-03-12 15:42:49,276 [WATCHDOG] Health check: gmail_oauth_watcher: UP | whatsapp_watcher: UP
2026-03-12 15:43:51,002 [WATCHDOG] Health check: gmail_oauth_watcher: UP | whatsapp_watcher: UP
2026-03-12 15:44:53,567 [WATCHDOG] Health check: gmail_oauth_watcher: UP | whatsapp_watcher: UP
2026-03-12 15:45:56,037 [WATCHDOG] Health check: gmail_oauth_watcher: UP | whatsapp_watcher: UP
2026-03-12 15:46:57,229 [WATCHDOG] Health check: gmail_oauth_watcher: UP | whatsapp_watcher: UP
2026-03-12 15:47:58,934 [WATCHDOG] Health check: gmail_oauth_watcher: UP | whatsapp_watcher: UP
2026-03-12 15:49:02,318 [WATCHDOG] Health check: gmail_oauth_watcher: UP | whatsapp_watcher: UP
2026-03-12 15:50:04,228 [WATCHDOG] Health check: gmail_oauth_watcher: UP | whatsapp_watcher: UP
2026-03-12 15:51:05,195 [WATCHDOG] Health check: gmail_oauth_watcher: UP | whatsapp_watcher: UP
2026-03-12 15:52:06,261 [WATCHDOG] Health check: gmail_oauth_watcher: UP | whatsapp_watcher: UP
2026-03-12 15:53:08,498 [WATCHDOG] Health check: gmail_oauth_watcher: UP | whatsapp_watcher: UP
2026-03-12 15:54:09,471 [WATCHDOG] Health check: gmail_oauth_watcher: UP | whatsapp_watcher: UP
2026-03-12 15:55:10,660 [WATCHDOG] Health check: gmail_oauth_watcher: UP | whatsapp_watcher: UP
2026-03-12 15:56:13,434 [WATCHDOG] Health check: gmail_oauth_watcher: UP | whatsapp_watcher: UP
2026-03-12 15:57:15,933 [WATCHDOG] Health check: gmail_oauth_watcher: UP | whatsapp_watcher: UP
2026-03-12 15:58:17,034 [WATCHDOG] Health check: gmail_oauth_watcher: UP | whatsapp_watcher: UP
2026-03-12 15:59:19,923 [WATCHDOG] Health check: gmail_oauth_watcher: UP | whatsapp_watcher: UP
2026-03-12 16:00:21,133 [WATCHDOG] Health check: gmail_oauth_watcher: UP | whatsapp_watcher: UP
2026-03-12 16:01:22,528 [WATCHDOG] Health check: gmail_oauth_watcher: UP | whatsapp_watcher: UP
2026-03-12 16:02:23,495 [WATCHDOG] Health check: gmail_oauth_watcher: UP | whatsapp_watcher: UP
2026-03-12 16:03:25,763 [WATCHDOG] Health check: gmail_oauth_watcher: UP | whatsapp_watcher: UP
2026-03-12 16:04:27,107 [WATCHDOG] Health check: gmail_oauth_watcher: UP | whatsapp_watcher: UP
2026-03-12 16:05:29,508 [WATCHDOG] Health check: gmail_oauth_watcher: UP | whatsapp_watcher: UP
2026-03-12 16:06:32,735 [WATCHDOG] Health check: gmail_oauth_watcher: UP | whatsapp_watcher: UP
2026-03-12 16:07:33,750 [WATCHDOG] Health check: gmail_oauth_watcher: UP | whatsapp_watcher: UP
2026-03-12 16:08:35,950 [WATCHDOG] Health check: gmail_oauth_watcher: UP | whatsapp_watcher: UP
2026-03-12 16:09:38,312 [WATCHDOG] Health check: gmail_oauth_watcher: UP | whatsapp_watcher: UP
2026-03-12 16:10:40,259 [WATCHDOG] Health check: gmail_oauth_watcher: UP | whatsapp_watcher: UP
2026-03-12 16:11:42,192 [WATCHDOG] Health check: gmail_oauth_watcher: UP | whatsapp_watcher: UP
2026-03-12 16:12:44,019 [WATCHDOG] Health check: gmail_oauth_watcher: UP | whatsapp_watcher: UP
2026-03-12 16:13:47,168 [WATCHDOG] Health check: gmail_oauth_watcher: UP | whatsapp_watcher: UP
2026-03-12 16:14:48,283 [WATCHDOG] Health check: gmail_oauth_watcher: UP | whatsapp_watcher: UP
2026-03-12 16:15:50,282 [WATCHDOG] Health check: gmail_oauth_watcher: UP | whatsapp_watcher: UP
2026-03-12 16:16:51,614 [WATCHDOG] Health check: gmail_oauth_watcher: UP | whatsapp_watcher: UP
2026-03-12 16:17:54,388 [WATCHDOG] Health check: gmail_oauth_watcher: UP | whatsapp_watcher: UP
2026-03-12 16:18:56,379 [WATCHDOG] Health check: gmail_oauth_watcher: UP | whatsapp_watcher: UP
2026-03-12 16:19:58,487 [WATCHDOG] Health check: gmail_oauth_watcher: UP | whatsapp_watcher: UP
2026-03-12 16:21:01,507 [WATCHDOG] Health check: gmail_oauth_watcher: UP | whatsapp_watcher: UP
2026-03-12 16:22:02,548 [WATCHDOG] Health check: gmail_oauth_watcher: UP | whatsapp_watcher: UP
2026-03-12 16:23:04,408 [WATCHDOG] Health check: gmail_oauth_watcher: UP | whatsapp_watcher: UP
2026-03-12 16:24:05,747 [WATCHDOG] Health check: gmail_oauth_watcher: UP | whatsapp_watcher: UP
2026-03-12 16:25:07,628 [WATCHDOG] Health check: gmail_oauth_watcher: UP | whatsapp_watcher: UP
2026-03-12 16:26:09,071 [WATCHDOG] Health check: gmail_oauth_watcher: UP | whatsapp_watcher: UP
2026-03-12 16:27:10,183 [WATCHDOG] Health check: gmail_oauth_watcher: UP | whatsapp_watcher: UP
2026-03-12 16:28:12,089 [WATCHDOG] Health check: gmail_oauth_watcher: UP | whatsapp_watcher: UP
2026-03-12 16:29:13,156 [WATCHDOG] Health check: gmail_oauth_watcher: UP | whatsapp_watcher: UP
2026-03-12 16:30:15,755 [WATCHDOG] Health check: gmail_oauth_watcher: UP | whatsapp_watcher: UP
2026-03-12 16:31:17,564 [WATCHDOG] Health check: gmail_oauth_watcher: UP | whatsapp_watcher: UP
2026-03-12 16:32:19,610 [WATCHDOG] Health check: gmail_oauth_watcher: UP | whatsapp_watcher: UP
2026-03-12 16:33:22,461 [WATCHDOG] Health check: gmail_oauth_watcher: UP | whatsapp_watcher: UP
2026-03-12 16:34:25,171 [WATCHDOG] Health check: gmail_oauth_watcher: UP | whatsapp_watcher: UP
2026-03-12 17:43:54,753 [WATCHDOG] Health check: gmail_oauth_watcher: UP | whatsapp_watcher: UP
2026-03-12 17:44:56,968 [WATCHDOG] Health check: gmail_oauth_watcher: UP | whatsapp_watcher: UP
2026-03-12 17:45:59,913 [WATCHDOG] Health check: gmail_oauth_watcher: UP | whatsapp_watcher: UP
2026-03-12 17:47:01,187 [WATCHDOG] Health check: gmail_oauth_watcher: UP | whatsapp_watcher: UP
2026-03-12 17:48:02,692 [WATCHDOG] Health check: gmail_oauth_watcher: UP | whatsapp_watcher: UP
2026-03-12 17:49:03,346 [WATCHDOG] Health check: gmail_oauth_watcher: UP | whatsapp_watcher: UP
2026-03-12 17:50:04,169 [WATCHDOG] Health check: gmail_oauth_watcher: UP | whatsapp_watcher: UP
2026-03-12 17:51:06,818 [WATCHDOG] Health check: gmail_oauth_watcher: UP | whatsapp_watcher: UP
2026-03-12 17:52:08,702 [WATCHDOG] Health check: gmail_oauth_watcher: UP | whatsapp_watcher: UP
2026-03-12 17:53:09,683 [WATCHDOG] Health check: gmail_oauth_watcher: UP | whatsapp_watcher: UP
2026-03-12 17:54:11,631 [WATCHDOG] Health check: gmail_oauth_watcher: UP | whatsapp_watcher: UP
2026-03-12 17:55:12,520 [WATCHDOG] Health check: gmail_oauth_watcher: UP | whatsapp_watcher: UP
2026-03-12 17:56:13,431 [WATCHDOG] Health check: gmail_oauth_watcher: UP | whatsapp_watcher: UP
2026-03-12 17:57:14,914 [WATCHDOG] Health check: gmail_oauth_watcher: UP | whatsapp_watcher: UP
2026-03-12 17:58:15,679 [WATCHDOG] Health check: gmail_oauth_watcher: UP | whatsapp_watcher: UP
2026-03-12 17:59:16,354 [WATCHDOG] Health check: gmail_oauth_watcher: UP | whatsapp_watcher: UP
2026-03-12 18:00:17,077 [WATCHDOG] Health check: gmail_oauth_watcher: UP | whatsapp_watcher: UP
2026-03-12 18:01:18,065 [WATCHDOG] Health check: gmail_oauth_watcher: UP | whatsapp_watcher: UP
2026-03-12 18:02:18,800 [WATCHDOG] Health check: gmail_oauth_watcher: UP | whatsapp_watcher: UP
2026-03-12 18:03:20,922 [WATCHDOG] Health check: gmail_oauth_watcher: UP | whatsapp_watcher: UP
2026-03-12 18:04:23,322 [WATCHDOG] Health check: gmail_oauth_watcher: UP | whatsapp_watcher: UP
2026-03-12 18:05:25,501 [WATCHDOG] Health check: gmail_oauth_watcher: UP | whatsapp_watcher: UP
2026-03-12 18:06:27,450 [WATCHDOG] Health check: gmail_oauth_watcher: UP | whatsapp_watcher: UP
2026-03-12 18:07:32,160 [WATCHDOG] Health check: gmail_oauth_watcher: UP | whatsapp_watcher: UP
2026-03-12 18:08:34,589 [WATCHDOG] Health check: gmail_oauth_watcher: UP | whatsapp_watcher: UP
2026-03-12 18:09:36,810 [WATCHDOG] Health check: gmail_oauth_watcher: UP | whatsapp_watcher: UP
2026-03-12 18:10:38,732 [WATCHDOG] Health check: gmail_oauth_watcher: UP | whatsapp_watcher: UP
2026-03-12 18:11:39,716 [WATCHDOG] Health check: gmail_oauth_watcher: UP | whatsapp_watcher: UP
2026-03-12 18:12:42,030 [WATCHDOG] Health check: gmail_oauth_watcher: UP | whatsapp_watcher: UP
2026-03-12 18:13:44,028 [WATCHDOG] Health check: gmail_oauth_watcher: UP | whatsapp_watcher: UP
2026-03-12 18:14:48,434 [WATCHDOG] Health check: gmail_oauth_watcher: UP | whatsapp_watcher: UP
2026-03-12 18:15:50,394 [WATCHDOG] Health check: gmail_oauth_watcher: UP | whatsapp_watcher: UP
2026-03-12 18:16:53,459 [WATCHDOG] Health check: gmail_oauth_watcher: UP | whatsapp_watcher: UP
2026-03-12 18:17:54,875 [WATCHDOG] Health check: gmail_oauth_watcher: UP | whatsapp_watcher: UP
2026-03-12 18:19:01,261 [WATCHDOG] Health check: gmail_oauth_watcher: UP | whatsapp_watcher: UP
2026-03-12 18:20:04,468 [WATCHDOG] Health check: gmail_oauth_watcher: UP | whatsapp_watcher: UP
2026-03-12 18:21:06,076 [WATCHDOG] Health check: gmail_oauth_watcher: UP | whatsapp_watcher: UP
2026-03-12 18:22:07,312 [WATCHDOG] Health check: gmail_oauth_watcher: UP | whatsapp_watcher: UP
2026-03-12 18:23:08,384 [WATCHDOG] Health check: gmail_oauth_watcher: UP | whatsapp_watcher: UP
2026-03-12 18:24:11,078 [WATCHDOG] Health check: gmail_oauth_watcher: UP | whatsapp_watcher: UP
2026-03-12 18:25:13,172 [WATCHDOG] Health check: gmail_oauth_watcher: UP | whatsapp_watcher: UP
2026-03-12 18:26:14,902 [WATCHDOG] Health check: gmail_oauth_watcher: UP | whatsapp_watcher: UP
2026-03-12 18:27:15,802 [WATCHDOG] Health check: gmail_oauth_watcher: UP | whatsapp_watcher: UP
2026-03-12 18:28:17,131 [WATCHDOG] Health check: gmail_oauth_watcher: UP | whatsapp_watcher: UP
2026-03-12 18:29:18,937 [WATCHDOG] Health check: gmail_oauth_watcher: UP | whatsapp_watcher: UP
2026-03-12 18:30:23,576 [WATCHDOG] Health check: gmail_oauth_watcher: UP | whatsapp_watcher: UP
2026-03-12 18:31:25,294 [WATCHDOG] Health check: gmail_oauth_watcher: UP | whatsapp_watcher: UP
2026-03-12 18:32:26,585 [WATCHDOG] Health check: gmail_oauth_watcher: UP | whatsapp_watcher: UP
2026-03-12 18:33:28,479 [WATCHDOG] Health check: gmail_oauth_watcher: UP | whatsapp_watcher: UP
2026-03-12 18:34:31,487 [WATCHDOG] Health check: gmail_oauth_watcher: UP | whatsapp_watcher: UP
2026-03-12 18:35:34,273 [WATCHDOG] Health check: gmail_oauth_watcher: UP | whatsapp_watcher: UP
2026-03-12 18:36:36,639 [WATCHDOG] Health check: gmail_oauth_watcher: UP | whatsapp_watcher: UP
2026-03-12 18:37:40,714 [WATCHDOG] Health check: gmail_oauth_watcher: UP | whatsapp_watcher: UP
2026-03-12 18:38:44,095 [WATCHDOG] Health check: gmail_oauth_watcher: UP | whatsapp_watcher: UP
2026-03-12 18:39:46,014 [WATCHDOG] Health check: gmail_oauth_watcher: UP | whatsapp_watcher: UP
2026-03-12 18:40:49,045 [WATCHDOG] Health check: gmail_oauth_watcher: UP | whatsapp_watcher: UP
2026-03-12 18:41:49,815 [WATCHDOG] Health check: gmail_oauth_watcher: UP | whatsapp_watcher: UP
2026-03-12 18:42:51,215 [WATCHDOG] Health check: gmail_oauth_watcher: UP | whatsapp_watcher: UP
2026-03-12 18:43:53,428 [WATCHDOG] Health check: gmail_oauth_watcher: UP | whatsapp_watcher: UP
2026-03-12 18:44:54,375 [WATCHDOG] Health check: gmail_oauth_watcher: UP | whatsapp_watcher: UP
2026-03-12 18:45:55,751 [WATCHDOG] Health check: gmail_oauth_watcher: UP | whatsapp_watcher: UP
2026-03-12 18:46:56,786 [WATCHDOG] Health check: gmail_oauth_watcher: UP | whatsapp_watcher: UP
2026-03-12 18:47:58,428 [WATCHDOG] Health check: gmail_oauth_watcher: UP | whatsapp_watcher: UP
2026-03-12 18:49:02,746 [WATCHDOG] Health check: gmail_oauth_watcher: UP | whatsapp_watcher: UP
2026-03-12 18:50:04,483 [WATCHDOG] Health check: gmail_oauth_watcher: UP | whatsapp_watcher: UP
2026-03-12 18:51:09,024 [WATCHDOG] Health check: gmail_oauth_watcher: UP | whatsapp_watcher: UP
2026-03-12 18:52:12,603 [WATCHDOG] Health check: gmail_oauth_watcher: UP | whatsapp_watcher: UP
2026-03-12 18:53:14,411 [WATCHDOG] Health check: gmail_oauth_watcher: UP | whatsapp_watcher: UP
2026-03-12 18:54:18,092 [WATCHDOG] Health check: gmail_oauth_watcher: UP | whatsapp_watcher: UP
2026-03-12 18:55:19,914 [WATCHDOG] Health check: gmail_oauth_watcher: UP | whatsapp_watcher: UP
2026-03-12 18:56:25,235 [WATCHDOG] Health check: gmail_oauth_watcher: UP | whatsapp_watcher: UP
2026-03-12 18:57:31,680 [WATCHDOG] Health check: gmail_oauth_watcher: UP | whatsapp_watcher: UP
2026-03-12 18:58:35,681 [WATCHDOG] Health check: gmail_oauth_watcher: UP | whatsapp_watcher: UP
2026-03-12 18:59:39,660 [WATCHDOG] Health check: gmail_oauth_watcher: UP | whatsapp_watcher: UP
2026-03-12 19:00:42,422 [WATCHDOG] Health check: gmail_oauth_watcher: UP | whatsapp_watcher: UP
2026-03-12 19:01:48,947 [WATCHDOG] Health check: gmail_oauth_watcher: UP | whatsapp_watcher: UP
2026-03-12 19:02:50,288 [WATCHDOG] Health check: gmail_oauth_watcher: UP | whatsapp_watcher: UP
2026-03-12 19:03:54,257 [WATCHDOG] Health check: gmail_oauth_watcher: UP | whatsapp_watcher: UP
2026-03-12 19:04:57,970 [WATCHDOG] Health check: gmail_oauth_watcher: UP | whatsapp_watcher: UP
2026-03-12 19:05:58,814 [WATCHDOG] Health check: gmail_oauth_watcher: UP | whatsapp_watcher: UP
2026-03-12 19:07:00,596 [WATCHDOG] Health check: gmail_oauth_watcher: UP | whatsapp_watcher: UP
2026-03-12 19:08:02,133 [WATCHDOG] Health check: gmail_oauth_watcher: UP | whatsapp_watcher: UP
2026-03-12 19:09:03,364 [WATCHDOG] Health check: gmail_oauth_watcher: UP | whatsapp_watcher: UP
2026-03-12 19:10:04,847 [WATCHDOG] Health check: gmail_oauth_watcher: UP | whatsapp_watcher: UP
2026-03-12 19:11:06,173 [WATCHDOG] Health check: gmail_oauth_watcher: UP | whatsapp_watcher: UP
2026-03-12 19:12:09,821 [WATCHDOG] Health check: gmail_oauth_watcher: UP | whatsapp_watcher: UP
2026-03-12 19:13:12,429 [WATCHDOG] Health check: gmail_oauth_watcher: UP | whatsapp_watcher: UP
2026-03-12 19:14:17,897 [WATCHDOG] Health check: gmail_oauth_watcher: UP | whatsapp_watcher: UP
2026-03-12 19:15:20,872 [WATCHDOG] Health check: gmail_oauth_watcher: UP | whatsapp_watcher: UP
2026-03-12 19:16:23,078 [WATCHDOG] Health check: gmail_oauth_watcher: UP | whatsapp_watcher: UP
2026-03-12 19:17:26,123 [WATCHDOG] Health check: gmail_oauth_watcher: UP | whatsapp_watcher: UP
2026-03-12 19:18:28,316 [WATCHDOG] Health check: gmail_oauth_watcher: UP | whatsapp_watcher: UP
2026-03-12 19:19:29,768 [WATCHDOG] Health check: gmail_oauth_watcher: UP | whatsapp_watcher: UP
2026-03-12 19:20:31,816 [WATCHDOG] Health check: gmail_oauth_watcher: UP | whatsapp_watcher: UP
2026-03-12 19:21:33,675 [WATCHDOG] Health check: gmail_oauth_watcher: UP | whatsapp_watcher: UP
2026-03-12 19:22:36,618 [WATCHDOG] Health check: gmail_oauth_watcher: UP | whatsapp_watcher: UP
2026-03-12 19:23:38,373 [WATCHDOG] Health check: gmail_oauth_watcher: UP | whatsapp_watcher: UP
2026-03-12 19:24:40,764 [WATCHDOG] Health check: gmail_oauth_watcher: UP | whatsapp_watcher: UP
2026-03-12 19:25:42,942 [WATCHDOG] Health check: gmail_oauth_watcher: UP | whatsapp_watcher: UP
2026-03-12 19:26:45,289 [WATCHDOG] Health check: gmail_oauth_watcher: UP | whatsapp_watcher: UP
2026-03-12 19:27:51,106 [WATCHDOG] Health check: gmail_oauth_watcher: UP | whatsapp_watcher: UP
2026-03-12 19:28:57,483 [WATCHDOG] Health check: gmail_oauth_watcher: UP | whatsapp_watcher: UP
2026-03-12 19:30:02,646 [WATCHDOG] Health check: gmail_oauth_watcher: UP | whatsapp_watcher: UP
2026-03-12 19:31:06,938 [WATCHDOG] Health check: gmail_oauth_watcher: UP | whatsapp_watcher: UP
2026-03-12 19:32:09,748 [WATCHDOG] Health check: gmail_oauth_watcher: UP | whatsapp_watcher: UP
2026-03-12 19:33:11,017 [WATCHDOG] Health check: gmail_oauth_watcher: UP | whatsapp_watcher: UP
2026-03-12 19:34:15,071 [WATCHDOG] Health check: gmail_oauth_watcher: UP | whatsapp_watcher: UP
2026-03-12 19:35:16,035 [WATCHDOG] Health check: gmail_oauth_watcher: UP | whatsapp_watcher: UP
2026-03-12 19:36:18,582 [WATCHDOG] Health check: gmail_oauth_watcher: UP | whatsapp_watcher: UP
2026-03-12 19:37:20,171 [WATCHDOG] Health check: gmail_oauth_watcher: UP | whatsapp_watcher: UP
2026-03-12 19:38:23,854 [WATCHDOG] Health check: gmail_oauth_watcher: UP | whatsapp_watcher: UP
2026-03-12 19:39:26,017 [WATCHDOG] Health check: gmail_oauth_watcher: UP | whatsapp_watcher: UP
2026-03-12 19:40:34,543 [WATCHDOG] Health check: gmail_oauth_watcher: UP | whatsapp_watcher: UP
2026-03-12 19:41:37,301 [WATCHDOG] Health check: gmail_oauth_watcher: UP | whatsapp_watcher: UP
2026-03-12 19:42:38,965 [WATCHDOG] Health check: gmail_oauth_watcher: UP | whatsapp_watcher: UP
2026-03-12 19:43:42,045 [WATCHDOG] Health check: gmail_oauth_watcher: UP | whatsapp_watcher: UP
2026-03-12 19:44:44,113 [WATCHDOG] Health check: gmail_oauth_watcher: UP | whatsapp_watcher: UP
2026-03-12 19:45:48,514 [WATCHDOG] Health check: gmail_oauth_watcher: UP | whatsapp_watcher: UP
2026-03-12 19:46:50,981 [WATCHDOG] Health check: gmail_oauth_watcher: UP | whatsapp_watcher: UP
2026-03-12 19:47:53,736 [WATCHDOG] Health check: gmail_oauth_watcher: UP | whatsapp_watcher: UP
2026-03-12 19:48:57,047 [WATCHDOG] Health check: gmail_oauth_watcher: UP | whatsapp_watcher: UP
2026-03-12 19:50:01,548 [WATCHDOG] Health check: gmail_oauth_watcher: UP | whatsapp_watcher: UP
2026-03-12 19:51:03,614 [WATCHDOG] Health check: gmail_oauth_watcher: UP | whatsapp_watcher: UP
2026-03-12 19:52:05,425 [WATCHDOG] Health check: gmail_oauth_watcher: UP | whatsapp_watcher: UP
2026-03-12 19:53:07,016 [WATCHDOG] Health check: gmail_oauth_watcher: UP | whatsapp_watcher: UP
2026-03-12 19:54:08,957 [WATCHDOG] Health check: gmail_oauth_watcher: UP | whatsapp_watcher: UP
2026-03-12 19:55:10,657 [WATCHDOG] Health check: gmail_oauth_watcher: UP | whatsapp_watcher: UP
2026-03-12 19:56:12,431 [WATCHDOG] Health check: gmail_oauth_watcher: UP | whatsapp_watcher: UP
2026-03-12 19:57:15,085 [WATCHDOG] Health check: gmail_oauth_watcher: UP | whatsapp_watcher: UP
2026-03-12 19:58:16,791 [WATCHDOG] Health check: gmail_oauth_watcher: UP | whatsapp_watcher: UP
2026-03-12 19:59:18,459 [WATCHDOG] Health check: gmail_oauth_watcher: UP | whatsapp_watcher: UP
2026-03-12 20:00:19,571 [WATCHDOG] Health check: gmail_oauth_watcher: UP | whatsapp_watcher: UP
2026-03-12 20:01:20,830 [WATCHDOG] Health check: gmail_oauth_watcher: UP | whatsapp_watcher: UP
2026-03-12 20:02:22,311 [WATCHDOG] Health check: gmail_oauth_watcher: UP | whatsapp_watcher: UP
2026-03-12 20:03:23,526 [WATCHDOG] Health check: gmail_oauth_watcher: UP | whatsapp_watcher: UP
2026-03-12 20:04:24,985 [WATCHDOG] Health check: gmail_oauth_watcher: UP | whatsapp_watcher: UP
2026-03-12 20:05:26,996 [WATCHDOG] Health check: gmail_oauth_watcher: UP | whatsapp_watcher: UP
2026-03-12 20:06:32,452 [WATCHDOG] Health check: gmail_oauth_watcher: UP | whatsapp_watcher: UP
2026-03-12 20:07:33,744 [WATCHDOG] Health check: gmail_oauth_watcher: UP | whatsapp_watcher: UP
2026-03-12 20:08:36,107 [WATCHDOG] Health check: gmail_oauth_watcher: UP | whatsapp_watcher: UP
2026-03-12 20:09:37,441 [WATCHDOG] Health check: gmail_oauth_watcher: UP | whatsapp_watcher: UP
2026-03-12 20:10:40,078 [WATCHDOG] Health check: gmail_oauth_watcher: UP | whatsapp_watcher: UP
2026-03-12 20:11:41,773 [WATCHDOG] Health check: gmail_oauth_watcher: UP | whatsapp_watcher: UP
2026-03-12 20:12:43,225 [WATCHDOG] Health check: gmail_oauth_watcher: UP | whatsapp_watcher: UP
2026-03-12 20:13:45,005 [WATCHDOG] Health check: gmail_oauth_watcher: UP | whatsapp_watcher: UP
2026-03-12 20:14:46,697 [WATCHDOG] Health check: gmail_oauth_watcher: UP | whatsapp_watcher: UP
2026-03-12 20:15:50,490 [WATCHDOG] Health check: gmail_oauth_watcher: UP | whatsapp_watcher: UP
2026-03-12 20:16:57,522 [WATCHDOG] Health check: gmail_oauth_watcher: UP | whatsapp_watcher: UP
2026-03-12 20:17:58,765 [WATCHDOG] Health check: gmail_oauth_watcher: UP | whatsapp_watcher: UP
2026-03-12 20:19:00,407 [WATCHDOG] Health check: gmail_oauth_watcher: UP | whatsapp_watcher: UP
2026-03-12 20:20:01,539 [WATCHDOG] Health check: gmail_oauth_watcher: UP | whatsapp_watcher: UP
2026-03-12 20:21:03,269 [WATCHDOG] Health check: gmail_oauth_watcher: UP | whatsapp_watcher: UP
2026-03-12 20:22:06,972 [WATCHDOG] Health check: gmail_oauth_watcher: UP | whatsapp_watcher: UP
2026-03-12 20:23:10,285 [WATCHDOG] Health check: gmail_oauth_watcher: UP | whatsapp_watcher: UP
2026-03-12 20:24:11,811 [WATCHDOG] Health check: gmail_oauth_watcher: UP | whatsapp_watcher: UP
2026-03-12 20:25:13,920 [WATCHDOG] Health check: gmail_oauth_watcher: UP | whatsapp_watcher: UP
2026-03-12 20:26:17,780 [WATCHDOG] Health check: gmail_oauth_watcher: UP | whatsapp_watcher: UP
2026-03-12 20:27:20,291 [WATCHDOG] Health check: gmail_oauth_watcher: UP | whatsapp_watcher: UP
2026-03-12 20:28:22,887 [WATCHDOG] Health check: gmail_oauth_watcher: UP | whatsapp_watcher: UP
2026-03-12 21:37:03,937 [WATCHDOG] Health check: gmail_oauth_watcher: UP | whatsapp_watcher: UP
2026-03-12 21:38:06,529 [WATCHDOG] Health check: gmail_oauth_watcher: UP | whatsapp_watcher: UP
2026-03-12 21:39:08,404 [WATCHDOG] Health check: gmail_oauth_watcher: UP | whatsapp_watcher: UP
2026-03-12 21:40:10,492 [WATCHDOG] Health check: gmail_oauth_watcher: UP | whatsapp_watcher: UP
2026-03-12 21:41:17,765 [WATCHDOG] Health check: gmail_oauth_watcher: UP | whatsapp_watcher: UP
2026-03-12 21:42:17,831 [WATCHDOG] gmail_oauth_watcher is DOWN
2026-03-12 21:42:17,832 [WATCHDOG] Attempting restart #1 for gmail_oauth_watcher...
2026-03-12 21:42:17,845 [WATCHDOG] Started gmail_oauth_watcher (PID: 20896)
2026-03-12 21:42:17,845 [WATCHDOG] gmail_oauth_watcher restarted successfully (PID: 20896)
2026-03-12 21:42:17,933 [WATCHDOG] whatsapp_watcher is DOWN
2026-03-12 21:42:17,933 [WATCHDOG] Attempting restart #1 for whatsapp_watcher...
2026-03-12 21:42:17,942 [WATCHDOG] Started whatsapp_watcher (PID: 12348)
2026-03-12 21:42:17,942 [WATCHDOG] whatsapp_watcher restarted successfully (PID: 12348)
2026-03-12 21:42:17,942 [WATCHDOG] Health check: gmail_oauth_watcher: DOWN | whatsapp_watcher: DOWN
17,687 [WATCHDOG] whatsapp_watcher restarted successfully (PID: 20476)
2026-03-12 21:42:17,687 [WATCHDOG] Health check: gmail_oauth_watcher: DOWN | whatsapp_watcher: DOWN
2026-03-14 22:30:47,359 [WATCHDOG] Watchdog started. Monitoring 2 processes every 60s.
2026-03-14 22:30:47,360 [WATCHDOG] Processes: gmail_oauth_watcher, whatsapp_watcher
2026-03-14 22:30:48,257 [WATCHDOG] Health check: gmail_oauth_watcher: UP | whatsapp_watcher: UP
2026-03-14 22:31:48,743 [WATCHDOG] Health check: gmail_oauth_watcher: UP | whatsapp_watcher: UP
2026-03-14 22:32:49,231 [WATCHDOG] Health check: gmail_oauth_watcher: UP | whatsapp_watcher: UP
2026-03-14 22:33:49,724 [WATCHDOG] Health check: gmail_oauth_watcher: UP | whatsapp_watcher: UP
2026-03-14 22:34:50,159 [WATCHDOG] Health check: gmail_oauth_watcher: UP | whatsapp_watcher: UP
2026-03-14 22:35:50,796 [WATCHDOG] Health check: gmail_oauth_watcher: UP | whatsapp_watcher: UP
2026-03-14 22:36:51,519 [WATCHDOG] Health check: gmail_oauth_watcher: UP | whatsapp_watcher: UP
2026-03-14 22:37:53,543 [WATCHDOG] Health check: gmail_oauth_watcher: UP | whatsapp_watcher: UP
2026-03-14 22:38:55,902 [WATCHDOG] Health check: gmail_oauth_watcher: UP | whatsapp_watcher: UP
2026-03-14 22:39:56,795 [WATCHDOG] Health check: gmail_oauth_watcher: UP | whatsapp_watcher: UP
2026-03-14 22:40:57,515 [WATCHDOG] Health check: gmail_oauth_watcher: UP | whatsapp_watcher: UP
2026-03-14 22:41:58,011 [WATCHDOG] Health check: gmail_oauth_watcher: UP | whatsapp_watcher: UP
2026-03-14 22:42:59,146 [WATCHDOG] Health check: gmail_oauth_watcher: UP | whatsapp_watcher: UP
2026-03-14 22:43:59,634 [WATCHDOG] Health check: gmail_oauth_watcher: UP | whatsapp_watcher: UP
2026-03-14 22:45:00,560 [WATCHDOG] Health check: gmail_oauth_watcher: UP | whatsapp_watcher: UP
2026-03-14 22:46:01,046 [WATCHDOG] Health check: gmail_oauth_watcher: UP | whatsapp_watcher: UP
2026-03-14 22:47:01,462 [WATCHDOG] Health check: gmail_oauth_watcher: UP | whatsapp_watcher: UP
2026-03-14 22:48:02,203 [WATCHDOG] Health check: gmail_oauth_watcher: UP | whatsapp_watcher: UP
2026-03-14 22:49:02,634 [WATCHDOG] Health check: gmail_oauth_watcher: UP | whatsapp_watcher: UP
2026-03-14 22:50:03,140 [WATCHDOG] Health check: gmail_oauth_watcher: UP | whatsapp_watcher: UP
2026-03-14 22:51:03,574 [WATCHDOG] Health check: gmail_oauth_watcher: UP | whatsapp_watcher: UP
2026-03-14 22:52:04,044 [WATCHDOG] Health check: gmail_oauth_watcher: UP | whatsapp_watcher: UP
2026-03-14 22:53:04,525 [WATCHDOG] Health check: gmail_oauth_watcher: UP | whatsapp_watcher: UP
2026-03-14 22:54:04,952 [WATCHDOG] Health check: gmail_oauth_watcher: UP | whatsapp_watcher: UP
2026-03-14 22:55:05,765 [WATCHDOG] Health check: gmail_oauth_watcher: UP | whatsapp_watcher: UP
2026-03-14 22:56:06,259 [WATCHDOG] Health check: gmail_oauth_watcher: UP | whatsapp_watcher: UP
2026-03-14 22:57:06,722 [WATCHDOG] Health check: gmail_oauth_watcher: UP | whatsapp_watcher: UP
2026-03-14 22:58:07,207 [WATCHDOG] Health check: gmail_oauth_watcher: UP | whatsapp_watcher: UP
2026-03-14 22:59:07,640 [WATCHDOG] Health check: gmail_oauth_watcher: UP | whatsapp_watcher: UP
2026-03-14 23:00:08,164 [WATCHDOG] Health check: gmail_oauth_watcher: UP | whatsapp_watcher: UP
2026-03-14 23:01:08,602 [WATCHDOG] Health check: gmail_oauth_watcher: UP | whatsapp_watcher: UP
2026-03-14 23:02:09,204 [WATCHDOG] Health check: gmail_oauth_watcher: UP | whatsapp_watcher: UP
2026-03-14 23:03:10,020 [WATCHDOG] Health check: gmail_oauth_watcher: UP | whatsapp_watcher: UP
2026-03-14 23:04:10,869 [WATCHDOG] Health check: gmail_oauth_watcher: UP | whatsapp_watcher: UP
2026-03-14 23:05:11,686 [WATCHDOG] Health check: gmail_oauth_watcher: UP | whatsapp_watcher: UP
2026-03-14 23:06:12,485 [WATCHDOG] Health check: gmail_oauth_watcher: UP | whatsapp_watcher: UP
2026-03-14 23:07:13,208 [WATCHDOG] Health check: gmail_oauth_watcher: UP | whatsapp_watcher: UP
2026-03-14 23:08:13,979 [WATCHDOG] Health check: gmail_oauth_watcher: UP | whatsapp_watcher: UP
2026-03-14 23:09:14,718 [WATCHDOG] Health check: gmail_oauth_watcher: UP | whatsapp_watcher: UP
2026-03-14 23:10:15,483 [WATCHDOG] Health check: gmail_oauth_watcher: UP | whatsapp_watcher: UP
2026-03-14 23:11:16,543 [WATCHDOG] Health check: gmail_oauth_watcher: UP | whatsapp_watcher: UP
2026-03-14 23:12:17,399 [WATCHDOG] Health check: gmail_oauth_watcher: UP | whatsapp_watcher: UP
2026-03-14 23:13:18,134 [WATCHDOG] Health check: gmail_oauth_watcher: UP | whatsapp_watcher: UP
2026-03-14 23:14:19,066 [WATCHDOG] Health check: gmail_oauth_watcher: UP | whatsapp_watcher: UP
2026-03-14 23:15:20,537 [WATCHDOG] Health check: gmail_oauth_watcher: UP | whatsapp_watcher: UP
2026-03-15 22:02:45,369 [WATCHDOG] Watchdog started. Monitoring 2 processes every 60s.
2026-03-15 22:02:45,372 [WATCHDOG] Processes: gmail_oauth_watcher, whatsapp_watcher
2026-03-15 22:02:46,989 [WATCHDOG] Health check: gmail_oauth_watcher: UP | whatsapp_watcher: UP
2026-03-15 22:03:48,747 [WATCHDOG] Health check: gmail_oauth_watcher: UP | whatsapp_watcher: UP
2026-03-15 22:04:50,884 [WATCHDOG] Health check: gmail_oauth_watcher: UP | whatsapp_watcher: UP
2026-03-15 22:05:51,567 [WATCHDOG] Health check: gmail_oauth_watcher: UP | whatsapp_watcher: UP
2026-03-15 22:06:52,439 [WATCHDOG] Health check: gmail_oauth_watcher: UP | whatsapp_watcher: UP
2026-03-15 22:07:25,368 [WATCHDOG] Watchdog stopped by user.
2026-03-15 22:07:32,790 [WATCHDOG] Watchdog started. Monitoring 2 processes every 60s.
2026-03-15 22:07:32,791 [WATCHDOG] Processes: gmail_oauth_watcher, whatsapp_watcher
2026-03-15 22:07:33,616 [WATCHDOG] Health check: gmail_oauth_watcher: UP | whatsapp_watcher: UP
2026-03-15 22:08:34,612 [WATCHDOG] Health check: gmail_oauth_watcher: UP | whatsapp_watcher: UP
2026-03-15 22:09:35,332 [WATCHDOG] Health check: gmail_oauth_watcher: UP | whatsapp_watcher: UP
2026-03-15 22:10:36,157 [WATCHDOG] Health check: gmail_oauth_watcher: UP | whatsapp_watcher: UP
2026-03-15 22:11:37,060 [WATCHDOG] Health check: gmail_oauth_watcher: UP | whatsapp_watcher: UP
2026-03-15 22:12:38,155 [WATCHDOG] Health check: gmail_oauth_watcher: UP | whatsapp_watcher: UP
2026-03-15 22:13:39,343 [WATCHDOG] Health check: gmail_oauth_watcher: UP | whatsapp_watcher: UP
2026-03-15 22:14:40,469 [WATCHDOG] Health check: gmail_oauth_watcher: UP | whatsapp_watcher: UP
2026-03-15 22:15:41,327 [WATCHDOG] Health check: gmail_oauth_watcher: UP | whatsapp_watcher: UP
2026-03-15 22:16:42,215 [WATCHDOG] Health check: gmail_oauth_watcher: UP | whatsapp_watcher: UP
2026-03-15 22:17:43,190 [WATCHDOG] Health check: gmail_oauth_watcher: UP | whatsapp_watcher: UP
2026-03-15 22:18:43,757 [WATCHDOG] Health check: gmail_oauth_watcher: UP | whatsapp_watcher: UP
2026-03-15 22:19:44,269 [WATCHDOG] Health check: gmail_oauth_watcher: UP | whatsapp_watcher: UP
2026-03-15 22:20:44,796 [WATCHDOG] Health check: gmail_oauth_watcher: UP | whatsapp_watcher: UP
2026-03-15 22:21:45,322 [WATCHDOG] Health check: gmail_oauth_watcher: UP | whatsapp_watcher: UP
2026-03-15 22:22:45,956 [WATCHDOG] Health check: gmail_oauth_watcher: UP | whatsapp_watcher: UP
2026-03-15 22:23:46,541 [WATCHDOG] Health check: gmail_oauth_watcher: UP | whatsapp_watcher: UP
2026-03-15 22:24:47,033 [WATCHDOG] Health check: gmail_oauth_watcher: UP | whatsapp_watcher: UP
2026-03-15 22:25:50,445 [WATCHDOG] Health check: gmail_oauth_watcher: UP | whatsapp_watcher: UP
2026-03-15 22:26:55,324 [WATCHDOG] Health check: gmail_oauth_watcher: UP | whatsapp_watcher: UP
2026-03-15 22:27:56,585 [WATCHDOG] Health check: gmail_oauth_watcher: UP | whatsapp_watcher: UP
2026-03-15 22:28:57,546 [WATCHDOG] Health check: gmail_oauth_watcher: UP | whatsapp_watcher: UP
2026-03-15 22:29:59,939 [WATCHDOG] Health check: gmail_oauth_watcher: UP | whatsapp_watcher: UP
2026-03-15 22:31:00,606 [WATCHDOG] Health check: gmail_oauth_watcher: UP | whatsapp_watcher: UP
2026-03-15 22:32:01,723 [WATCHDOG] Health check: gmail_oauth_watcher: UP | whatsapp_watcher: UP
2026-03-15 22:33:02,402 [WATCHDOG] Health check: gmail_oauth_watcher: UP | whatsapp_watcher: UP
2026-03-15 22:34:04,915 [WATCHDOG] Health check: gmail_oauth_watcher: UP | whatsapp_watcher: UP
2026-03-15 22:35:08,377 [WATCHDOG] Health check: gmail_oauth_watcher: UP | whatsapp_watcher: UP
2026-03-15 22:36:10,862 [WATCHDOG] Health check: gmail_oauth_watcher: UP | whatsapp_watcher: UP
2026-03-15 22:37:11,496 [WATCHDOG] Health check: gmail_oauth_watcher: UP | whatsapp_watcher: UP
2026-03-15 22:38:12,079 [WATCHDOG] Health check: gmail_oauth_watcher: UP | whatsapp_watcher: UP
2026-03-15 22:39:12,689 [WATCHDOG] Health check: gmail_oauth_watcher: UP | whatsapp_watcher: UP
2026-03-15 22:40:13,636 [WATCHDOG] Health check: gmail_oauth_watcher: UP | whatsapp_watcher: UP
2026-03-15 22:41:14,907 [WATCHDOG] Health check: gmail_oauth_watcher: UP | whatsapp_watcher: UP
2026-03-15 22:42:21,041 [WATCHDOG] Health check: gmail_oauth_watcher: UP | whatsapp_watcher: UP
2026-03-15 22:43:22,080 [WATCHDOG] Health check: gmail_oauth_watcher: UP | whatsapp_watcher: UP
2026-03-15 22:44:22,992 [WATCHDOG] Health check: gmail_oauth_watcher: UP | whatsapp_watcher: UP
2026-03-15 22:45:24,026 [WATCHDOG] Health check: gmail_oauth_watcher: UP | whatsapp_watcher: UP
2026-03-15 22:45:39,002 [WATCHDOG] Watchdog stopped by user.
2026-03-15 22:45:46,004 [WATCHDOG] Watchdog started. Monitoring 2 processes every 60s.
2026-03-15 22:45:46,005 [WATCHDOG] Processes: gmail_oauth_watcher, whatsapp_watcher
2026-03-15 22:45:47,140 [WATCHDOG] Health check: gmail_oauth_watcher: UP | whatsapp_watcher: UP
2026-03-15 22:46:47,871 [WATCHDOG] Health check: gmail_oauth_watcher: UP | whatsapp_watcher: UP
2026-03-15 22:47:50,669 [WATCHDOG] Health check: gmail_oauth_watcher: UP | whatsapp_watcher: UP
2026-03-15 22:48:51,278 [WATCHDOG] Health check: gmail_oauth_watcher: UP | whatsapp_watcher: UP
2026-03-15 22:49:51,894 [WATCHDOG] Health check: gmail_oauth_watcher: UP | whatsapp_watcher: UP
2026-03-15 22:50:52,592 [WATCHDOG] Health check: gmail_oauth_watcher: UP | whatsapp_watcher: UP
2026-03-15 22:51:53,318 [WATCHDOG] Health check: gmail_oauth_watcher: UP | whatsapp_watcher: UP
2026-03-15 22:52:54,388 [WATCHDOG] Health check: gmail_oauth_watcher: UP | whatsapp_watcher: UP
2026-03-15 22:53:55,226 [WATCHDOG] Health check: gmail_oauth_watcher: UP | whatsapp_watcher: UP
2026-03-15 22:54:57,330 [WATCHDOG] Health check: gmail_oauth_watcher: UP | whatsapp_watcher: UP
2026-03-15 22:55:58,826 [WATCHDOG] Health check: gmail_oauth_watcher: UP | whatsapp_watcher: UP
2026-03-15 22:57:00,823 [WATCHDOG] Health check: gmail_oauth_watcher: UP | whatsapp_watcher: UP
2026-03-15 22:58:06,839 [WATCHDOG] Health check: gmail_oauth_watcher: UP | whatsapp_watcher: UP
2026-03-15 22:59:10,950 [WATCHDOG] Health check: gmail_oauth_watcher: UP | whatsapp_watcher: UP
2026-03-15 23:00:11,743 [WATCHDOG] Health check: gmail_oauth_watcher: UP | whatsapp_watcher: UP
2026-03-15 23:01:13,418 [WATCHDOG] Health check: gmail_oauth_watcher: UP | whatsapp_watcher: UP
2026-03-15 23:02:15,515 [WATCHDOG] Health check: gmail_oauth_watcher: UP | whatsapp_watcher: UP
2026-03-15 23:03:18,453 [WATCHDOG] Health check: gmail_oauth_watcher: UP | whatsapp_watcher: UP
2026-03-15 23:04:19,512 [WATCHDOG] Health check: gmail_oauth_watcher: UP | whatsapp_watcher: UP
2026-03-15 23:05:20,719 [WATCHDOG] Health check: gmail_oauth_watcher: UP | whatsapp_watcher: UP
2026-03-15 23:06:21,727 [WATCHDOG] Health check: gmail_oauth_watcher: UP | whatsapp_watcher: UP
2026-03-15 23:07:23,450 [WATCHDOG] Health check: gmail_oauth_watcher: UP | whatsapp_watcher: UP
2026-03-15 23:08:26,043 [WATCHDOG] Health check: gmail_oauth_watcher: UP | whatsapp_watcher: UP
2026-03-15 23:09:28,168 [WATCHDOG] Health check: gmail_oauth_watcher: UP | whatsapp_watcher: UP
2026-03-15 23:10:30,751 [WATCHDOG] Health check: gmail_oauth_watcher: UP | whatsapp_watcher: UP
2026-03-15 23:11:32,174 [WATCHDOG] Health check: gmail_oauth_watcher: UP | whatsapp_watcher: UP
2026-03-15 23:12:33,254 [WATCHDOG] Health check: gmail_oauth_watcher: UP | whatsapp_watcher: UP
2026-03-15 23:13:34,804 [WATCHDOG] Health check: gmail_oauth_watcher: UP | whatsapp_watcher: UP
2026-03-15 23:14:36,314 [WATCHDOG] Health check: gmail_oauth_watcher: UP | whatsapp_watcher: UP
2026-03-15 23:15:38,045 [WATCHDOG] Health check: gmail_oauth_watcher: UP | whatsapp_watcher: UP
2026-03-15 23:16:40,529 [WATCHDOG] Health check: gmail_oauth_watcher: UP | whatsapp_watcher: UP
2026-03-15 23:17:42,226 [WATCHDOG] Health check: gmail_oauth_watcher: UP | whatsapp_watcher: UP
2026-03-15 23:18:43,513 [WATCHDOG] Health check: gmail_oauth_watcher: UP | whatsapp_watcher: UP
2026-03-15 23:19:44,947 [WATCHDOG] Health check: gmail_oauth_watcher: UP | whatsapp_watcher: UP
2026-03-15 23:20:46,350 [WATCHDOG] Health check: gmail_oauth_watcher: UP | whatsapp_watcher: UP
2026-03-15 23:21:47,959 [WATCHDOG] Health check: gmail_oauth_watcher: UP | whatsapp_watcher: UP
2026-03-15 23:22:49,131 [WATCHDOG] Health check: gmail_oauth_watcher: UP | whatsapp_watcher: UP
2026-03-15 23:23:50,179 [WATCHDOG] Health check: gmail_oauth_watcher: UP | whatsapp_watcher: UP
2026-03-15 23:24:53,345 [WATCHDOG] Health check: gmail_oauth_watcher: UP | whatsapp_watcher: UP
2026-03-15 23:25:54,395 [WATCHDOG] Health check: gmail_oauth_watcher: UP | whatsapp_watcher: UP
2026-03-15 23:26:56,465 [WATCHDOG] Health check: gmail_oauth_watcher: UP | whatsapp_watcher: UP
2026-03-15 23:27:59,777 [WATCHDOG] Health check: gmail_oauth_watcher: UP | whatsapp_watcher: UP
2026-03-15 23:29:01,701 [WATCHDOG] Health check: gmail_oauth_watcher: UP | whatsapp_watcher: UP
2026-03-15 23:30:03,912 [WATCHDOG] Health check: gmail_oauth_watcher: UP | whatsapp_watcher: UP
2026-03-15 23:31:05,549 [WATCHDOG] Health check: gmail_oauth_watcher: UP | whatsapp_watcher: UP
2026-03-15 23:32:12,471 [WATCHDOG] Health check: gmail_oauth_watcher: UP | whatsapp_watcher: UP
2026-03-15 23:33:13,958 [WATCHDOG] Health check: gmail_oauth_watcher: UP | whatsapp_watcher: UP
2026-03-15 23:34:15,376 [WATCHDOG] Health check: gmail_oauth_watcher: UP | whatsapp_watcher: UP
2026-03-15 23:35:16,532 [WATCHDOG] Health check: gmail_oauth_watcher: UP | whatsapp_watcher: UP
2026-03-15 23:36:17,514 [WATCHDOG] Health check: gmail_oauth_watcher: UP | whatsapp_watcher: UP
2026-03-15 23:37:21,431 [WATCHDOG] Health check: gmail_oauth_watcher: UP | whatsapp_watcher: UP
2026-03-15 23:38:24,101 [WATCHDOG] Health check: gmail_oauth_watcher: UP | whatsapp_watcher: UP
2026-03-15 23:39:25,185 [WATCHDOG] Health check: gmail_oauth_watcher: UP | whatsapp_watcher: UP
2026-03-15 23:40:26,920 [WATCHDOG] Health check: gmail_oauth_watcher: UP | whatsapp_watcher: UP
2026-03-15 23:41:30,163 [WATCHDOG] Health check: gmail_oauth_watcher: UP | whatsapp_watcher: UP
2026-03-15 23:42:32,772 [WATCHDOG] Health check: gmail_oauth_watcher: UP | whatsapp_watcher: UP
2026-03-15 23:43:33,964 [WATCHDOG] Health check: gmail_oauth_watcher: UP | whatsapp_watcher: UP
2026-03-15 23:44:36,190 [WATCHDOG] Health check: gmail_oauth_watcher: UP | whatsapp_watcher: UP
2026-03-15 23:45:38,251 [WATCHDOG] Health check: gmail_oauth_watcher: UP | whatsapp_watcher: UP
2026-03-15 23:46:40,146 [WATCHDOG] Health check: gmail_oauth_watcher: UP | whatsapp_watcher: UP
2026-03-15 23:47:41,644 [WATCHDOG] Health check: gmail_oauth_watcher: UP | whatsapp_watcher: UP
2026-03-16 06:16:36,829 [WATCHDOG] Watchdog started. Monitoring 2 processes every 60s.
2026-03-16 06:16:36,833 [WATCHDOG] Processes: gmail_oauth_watcher, whatsapp_watcher
2026-03-16 06:16:38,040 [WATCHDOG] Health check: gmail_oauth_watcher: UP | whatsapp_watcher: UP
2026-03-16 06:17:40,654 [WATCHDOG] Health check: gmail_oauth_watcher: UP | whatsapp_watcher: UP
2026-03-16 06:18:44,617 [WATCHDOG] Health check: gmail_oauth_watcher: UP | whatsapp_watcher: UP
2026-03-16 06:19:46,350 [WATCHDOG] Health check: gmail_oauth_watcher: UP | whatsapp_watcher: UP
2026-03-16 06:20:48,033 [WATCHDOG] Health check: gmail_oauth_watcher: UP | whatsapp_watcher: UP
2026-03-16 06:21:49,112 [WATCHDOG] Health check: gmail_oauth_watcher: UP | whatsapp_watcher: UP
2026-03-16 06:22:51,134 [WATCHDOG] Health check: gmail_oauth_watcher: UP | whatsapp_watcher: UP
2026-03-16 06:23:52,307 [WATCHDOG] Health check: gmail_oauth_watcher: UP | whatsapp_watcher: UP
2026-03-16 06:24:53,384 [WATCHDOG] Health check: gmail_oauth_watcher: UP | whatsapp_watcher: UP
2026-03-16 06:25:55,858 [WATCHDOG] Health check: gmail_oauth_watcher: UP | whatsapp_watcher: UP
2026-03-16 06:26:56,946 [WATCHDOG] Health check: gmail_oauth_watcher: UP | whatsapp_watcher: UP
2026-03-16 06:27:57,800 [WATCHDOG] Health check: gmail_oauth_watcher: UP | whatsapp_watcher: UP
2026-03-16 06:29:00,130 [WATCHDOG] Health check: gmail_oauth_watcher: UP | whatsapp_watcher: UP
2026-03-16 06:30:01,273 [WATCHDOG] Health check: gmail_oauth_watcher: UP | whatsapp_watcher: UP
2026-03-16 06:31:02,006 [WATCHDOG] Health check: gmail_oauth_watcher: UP | whatsapp_watcher: UP
2026-03-16 06:32:03,196 [WATCHDOG] Health check: gmail_oauth_watcher: UP | whatsapp_watcher: UP
2026-03-16 06:33:04,463 [WATCHDOG] Health check: gmail_oauth_watcher: UP | whatsapp_watcher: UP
2026-03-16 06:34:05,299 [WATCHDOG] Health check: gmail_oauth_watcher: UP | whatsapp_watcher: UP
2026-03-16 06:35:07,837 [WATCHDOG] Health check: gmail_oauth_watcher: UP | whatsapp_watcher: UP
2026-03-16 06:36:09,599 [WATCHDOG] Health check: gmail_oauth_watcher: UP | whatsapp_watcher: UP
2026-03-16 06:37:10,090 [WATCHDOG] Health check: gmail_oauth_watcher: UP | whatsapp_watcher: UP
2026-03-16 06:38:10,919 [WATCHDOG] Health check: gmail_oauth_watcher: UP | whatsapp_watcher: UP
2026-03-16 06:39:12,058 [WATCHDOG] Health check: gmail_oauth_watcher: UP | whatsapp_watcher: UP
2026-03-16 06:40:12,556 [WATCHDOG] Health check: gmail_oauth_watcher: UP | whatsapp_watcher: UP
2026-03-16 06:41:13,374 [WATCHDOG] Health check: gmail_oauth_watcher: UP | whatsapp_watcher: UP
2026-03-16 06:42:13,879 [WATCHDOG] Health check: gmail_oauth_watcher: UP | whatsapp_watcher: UP
2026-03-16 06:43:14,593 [WATCHDOG] Health check: gmail_oauth_watcher: UP | whatsapp_watcher: UP
2026-03-16 06:44:15,159 [WATCHDOG] Health check: gmail_oauth_watcher: UP | whatsapp_watcher: UP
2026-03-16 06:45:16,600 [WATCHDOG] Health check: gmail_oauth_watcher: UP | whatsapp_watcher: UP
2026-03-16 06:46:17,068 [WATCHDOG] Health check: gmail_oauth_watcher: UP | whatsapp_watcher: UP
2026-03-16 06:47:17,817 [WATCHDOG] Health check: gmail_oauth_watcher: UP | whatsapp_watcher: UP
2026-03-16 06:48:18,354 [WATCHDOG] Health check: gmail_oauth_watcher: UP | whatsapp_watcher: UP
2026-03-16 06:49:18,821 [WATCHDOG] Health check: gmail_oauth_watcher: UP | whatsapp_watcher: UP
2026-03-16 06:50:19,577 [WATCHDOG] Health check: gmail_oauth_watcher: UP | whatsapp_watcher: UP
2026-03-16 06:51:20,147 [WATCHDOG] Health check: gmail_oauth_watcher: UP | whatsapp_watcher: UP
2026-03-16 06:52:20,999 [WATCHDOG] Health check: gmail_oauth_watcher: UP | whatsapp_watcher: UP
2026-03-16 06:53:22,135 [WATCHDOG] Health check: gmail_oauth_watcher: UP | whatsapp_watcher: UP
2026-03-16 06:53:36,671 [WATCHDOG] Watchdog stopped by user.
_watcher: UP
2026-03-16 06:52:48,640 [WATCHDOG] Health check: gmail_oauth_watcher: UP | whatsapp_watcher: UP
2026-03-16 06:53:49,515 [WATCHDOG] Health check: gmail_oauth_watcher: UP | whatsapp_watcher: UP
2026-03-16 06:54:50,527 [WATCHDOG] Health check: gmail_oauth_watcher: UP | whatsapp_watcher: UP
2026-03-16 06:55:51,611 [WATCHDOG] Health check: gmail_oauth_watcher: UP | whatsapp_watcher: UP
2026-03-16 06:56:52,373 [WATCHDOG] Health check: gmail_oauth_watcher: UP | whatsapp_watcher: UP
2026-03-16 06:57:53,784 [WATCHDOG] Health check: gmail_oauth_watcher: UP | whatsapp_watcher: UP
2026-03-16 06:58:54,398 [WATCHDOG] Health check: gmail_oauth_watcher: UP | whatsapp_watcher: UP
2026-03-16 06:59:55,831 [WATCHDOG] Health check: gmail_oauth_watcher: UP | whatsapp_watcher: UP
2026-03-16 07:00:56,408 [WATCHDOG] Health check: gmail_oauth_watcher: UP | whatsapp_watcher: UP
2026-03-16 07:01:57,178 [WATCHDOG] Health check: gmail_oauth_watcher: UP | whatsapp_watcher: UP
2026-03-16 07:02:57,832 [WATCHDOG] Health check: gmail_oauth_watcher: UP | whatsapp_watcher: UP
2026-03-16 07:03:58,645 [WATCHDOG] Health check: gmail_oauth_watcher: UP | whatsapp_watcher: UP
2026-03-16 07:04:59,617 [WATCHDOG] Health check: gmail_oauth_watcher: UP | whatsapp_watcher: UP
2026-03-16 07:06:00,641 [WATCHDOG] Health check: gmail_oauth_watcher: UP | whatsapp_watcher: UP
2026-03-16 07:07:01,169 [WATCHDOG] Health check: gmail_oauth_watcher: UP | whatsapp_watcher: UP
2026-03-16 07:08:02,414 [WATCHDOG] Health check: gmail_oauth_watcher: UP | whatsapp_watcher: UP
2026-03-16 07:09:03,263 [WATCHDOG] Health check: gmail_oauth_watcher: UP | whatsapp_watcher: UP
2026-03-16 07:10:03,966 [WATCHDOG] Health check: gmail_oauth_watcher: UP | whatsapp_watcher: UP
2026-03-16 07:11:04,577 [WATCHDOG] Health check: gmail_oauth_watcher: UP | whatsapp_watcher: UP
2026-03-16 07:12:07,378 [WATCHDOG] Health check: gmail_oauth_watcher: UP | whatsapp_watcher: UP
2026-03-16 07:13:08,503 [WATCHDOG] Health check: gmail_oauth_watcher: UP | whatsapp_watcher: UP
2026-03-16 07:14:12,178 [WATCHDOG] Health check: gmail_oauth_watcher: UP | whatsapp_watcher: UP
2026-03-16 07:15:12,736 [WATCHDOG] Health check: gmail_oauth_watcher: UP | whatsapp_watcher: UP
2026-03-16 07:16:13,481 [WATCHDOG] Health check: gmail_oauth_watcher: UP | whatsapp_watcher: UP
2026-03-16 07:17:14,069 [WATCHDOG] Health check: gmail_oauth_watcher: UP | whatsapp_watcher: UP
2026-03-16 07:18:14,674 [WATCHDOG] Health check: gmail_oauth_watcher: UP | whatsapp_watcher: UP
2026-03-16 07:19:15,325 [WATCHDOG] Health check: gmail_oauth_watcher: UP | whatsapp_watcher: UP
2026-03-16 07:20:15,948 [WATCHDOG] Health check: gmail_oauth_watcher: UP | whatsapp_watcher: UP
2026-03-16 07:21:16,813 [WATCHDOG] Health check: gmail_oauth_watcher: UP | whatsapp_watcher: UP
2026-03-16 07:22:17,395 [WATCHDOG] Health check: gmail_oauth_watcher: UP | whatsapp_watcher: UP
2026-03-16 07:23:18,093 [WATCHDOG] Health check: gmail_oauth_watcher: UP | whatsapp_watcher: UP
2026-03-16 07:24:18,705 [WATCHDOG] Health check: gmail_oauth_watcher: UP | whatsapp_watcher: UP
2026-03-16 07:25:19,985 [WATCHDOG] Health check: gmail_oauth_watcher: UP | whatsapp_watcher: UP
2026-03-16 07:26:20,931 [WATCHDOG] Health check: gmail_oauth_watcher: UP | whatsapp_watcher: UP
2026-03-16 07:27:26,416 [WATCHDOG] Health check: gmail_oauth_watcher: UP | whatsapp_watcher: UP
2026-03-16 07:28:27,439 [WATCHDOG] Health check: gmail_oauth_watcher: UP | whatsapp_watcher: UP
2026-03-16 07:29:28,391 [WATCHDOG] Health check: gmail_oauth_watcher: UP | whatsapp_watcher: UP
2026-03-16 07:30:29,206 [WATCHDOG] Health check: gmail_oauth_watcher: UP | whatsapp_watcher: UP
2026-03-16 07:31:30,250 [WATCHDOG] Health check: gmail_oauth_watcher: UP | whatsapp_watcher: UP
2026-03-16 07:32:31,473 [WATCHDOG] Health check: gmail_oauth_watcher: UP | whatsapp_watcher: UP
2026-03-16 07:33:34,342 [WATCHDOG] Health check: gmail_oauth_watcher: UP | whatsapp_watcher: UP
2026-03-16 07:34:35,350 [WATCHDOG] Health check: gmail_oauth_watcher: UP | whatsapp_watcher: UP
2026-03-16 07:35:36,435 [WATCHDOG] Health check: gmail_oauth_watcher: UP | whatsapp_watcher: UP
2026-03-16 07:36:38,426 [WATCHDOG] Health check: gmail_oauth_watcher: UP | whatsapp_watcher: UP
2026-03-16 07:37:40,710 [WATCHDOG] Health check: gmail_oauth_watcher: UP | whatsapp_watcher: UP
2026-03-16 07:38:45,410 [WATCHDOG] Health check: gmail_oauth_watcher: UP | whatsapp_watcher: UP
2026-03-16 07:39:50,942 [WATCHDOG] Health check: gmail_oauth_watcher: UP | whatsapp_watcher: UP
2026-03-16 07:40:56,868 [WATCHDOG] Health check: gmail_oauth_watcher: UP | whatsapp_watcher: UP
2026-03-16 07:42:03,950 [WATCHDOG] Health check: gmail_oauth_watcher: UP | whatsapp_watcher: UP
2026-03-16 07:43:13,248 [WATCHDOG] Health check: gmail_oauth_watcher: UP | whatsapp_watcher: UP
2026-03-16 07:44:14,464 [WATCHDOG] Health check: gmail_oauth_watcher: UP | whatsapp_watcher: UP
2026-03-16 07:45:16,916 [WATCHDOG] Health check: gmail_oauth_watcher: UP | whatsapp_watcher: UP
2026-03-16 07:46:18,189 [WATCHDOG] Health check: gmail_oauth_watcher: UP | whatsapp_watcher: UP
2026-03-16 07:47:21,692 [WATCHDOG] Health check: gmail_oauth_watcher: UP | whatsapp_watcher: UP
2026-03-16 07:48:23,171 [WATCHDOG] Health check: gmail_oauth_watcher: UP | whatsapp_watcher: UP
2026-03-16 07:49:24,919 [WATCHDOG] Health check: gmail_oauth_watcher: UP | whatsapp_watcher: UP
2026-03-16 07:50:25,652 [WATCHDOG] Health check: gmail_oauth_watcher: UP | whatsapp_watcher: UP
2026-03-16 07:51:27,245 [WATCHDOG] Health check: gmail_oauth_watcher: UP | whatsapp_watcher: UP
2026-03-16 07:52:28,485 [WATCHDOG] Health check: gmail_oauth_watcher: UP | whatsapp_watcher: UP
2026-03-16 07:53:30,443 [WATCHDOG] Health check: gmail_oauth_watcher: UP | whatsapp_watcher: UP
2026-03-16 07:54:33,260 [WATCHDOG] Health check: gmail_oauth_watcher: UP | whatsapp_watcher: UP
2026-03-16 07:55:36,872 [WATCHDOG] Health check: gmail_oauth_watcher: UP | whatsapp_watcher: UP
2026-03-16 07:56:39,242 [WATCHDOG] Health check: gmail_oauth_watcher: UP | whatsapp_watcher: UP
2026-03-16 07:57:42,575 [WATCHDOG] Health check: gmail_oauth_watcher: UP | whatsapp_watcher: UP
2026-03-16 07:58:44,501 [WATCHDOG] Health check: gmail_oauth_watcher: UP | whatsapp_watcher: UP
2026-03-16 07:59:52,525 [WATCHDOG] Health check: gmail_oauth_watcher: UP | whatsapp_watcher: UP
2026-03-16 08:00:55,153 [WATCHDOG] Health check: gmail_oauth_watcher: UP | whatsapp_watcher: UP
2026-03-16 08:01:56,458 [WATCHDOG] Health check: gmail_oauth_watcher: UP | whatsapp_watcher: UP
2026-03-16 08:02:57,807 [WATCHDOG] Health check: gmail_oauth_watcher: UP | whatsapp_watcher: UP
2026-03-16 08:03:59,233 [WATCHDOG] Health check: gmail_oauth_watcher: UP | whatsapp_watcher: UP
2026-03-16 08:05:07,348 [WATCHDOG] Health check: gmail_oauth_watcher: UP | whatsapp_watcher: UP
2026-03-16 08:06:13,976 [WATCHDOG] Health check: gmail_oauth_watcher: UP | whatsapp_watcher: UP
2026-03-16 08:07:15,750 [WATCHDOG] Health check: gmail_oauth_watcher: UP | whatsapp_watcher: UP
2026-03-16 08:08:16,770 [WATCHDOG] Health check: gmail_oauth_watcher: UP | whatsapp_watcher: UP
2026-03-16 08:09:17,659 [WATCHDOG] Health check: gmail_oauth_watcher: UP | whatsapp_watcher: UP
2026-03-16 08:10:18,657 [WATCHDOG] Health check: gmail_oauth_watcher: UP | whatsapp_watcher: UP
2026-03-16 08:11:20,012 [WATCHDOG] Health check: gmail_oauth_watcher: UP | whatsapp_watcher: UP
2026-03-16 08:12:21,554 [WATCHDOG] Health check: gmail_oauth_watcher: UP | whatsapp_watcher: UP
2026-03-16 08:13:23,141 [WATCHDOG] Health check: gmail_oauth_watcher: UP | whatsapp_watcher: UP
2026-03-16 08:14:25,504 [WATCHDOG] Health check: gmail_oauth_watcher: UP | whatsapp_watcher: UP
2026-03-16 08:15:26,846 [WATCHDOG] Health check: gmail_oauth_watcher: UP | whatsapp_watcher: UP
2026-03-16 08:16:27,817 [WATCHDOG] Health check: gmail_oauth_watcher: UP | whatsapp_watcher: UP
2026-03-16 08:17:29,029 [WATCHDOG] Health check: gmail_oauth_watcher: UP | whatsapp_watcher: UP
2026-03-16 08:18:32,171 [WATCHDOG] Health check: gmail_oauth_watcher: UP | whatsapp_watcher: UP
2026-03-16 08:19:33,109 [WATCHDOG] Health check: gmail_oauth_watcher: UP | whatsapp_watcher: UP
2026-03-16 08:20:34,597 [WATCHDOG] Health check: gmail_oauth_watcher: UP | whatsapp_watcher: UP
2026-03-16 08:21:37,329 [WATCHDOG] Health check: gmail_oauth_watcher: UP | whatsapp_watcher: UP
2026-03-16 08:22:38,357 [WATCHDOG] Health check: gmail_oauth_watcher: UP | whatsapp_watcher: UP
2026-03-16 08:23:39,868 [WATCHDOG] Health check: gmail_oauth_watcher: UP | whatsapp_watcher: UP
2026-03-16 08:24:40,686 [WATCHDOG] Health check: gmail_oauth_watcher: UP | whatsapp_watcher: UP
2026-03-16 08:25:42,919 [WATCHDOG] Health check: gmail_oauth_watcher: UP | whatsapp_watcher: UP
2026-03-16 08:26:43,729 [WATCHDOG] Health check: gmail_oauth_watcher: UP | whatsapp_watcher: UP
2026-03-16 08:27:44,899 [WATCHDOG] Health check: gmail_oauth_watcher: UP | whatsapp_watcher: UP
2026-03-16 08:28:45,964 [WATCHDOG] Health check: gmail_oauth_watcher: UP | whatsapp_watcher: UP
2026-03-16 08:29:47,024 [WATCHDOG] Health check: gmail_oauth_watcher: UP | whatsapp_watcher: UP
2026-03-16 08:30:47,932 [WATCHDOG] Health check: gmail_oauth_watcher: UP | whatsapp_watcher: UP
2026-03-16 08:31:49,113 [WATCHDOG] Health check: gmail_oauth_watcher: UP | whatsapp_watcher: UP
2026-03-16 08:32:50,287 [WATCHDOG] Health check: gmail_oauth_watcher: UP | whatsapp_watcher: UP
2026-03-16 08:33:53,049 [WATCHDOG] Health check: gmail_oauth_watcher: UP | whatsapp_watcher: UP
2026-03-16 08:34:54,201 [WATCHDOG] Health check: gmail_oauth_watcher: UP | whatsapp_watcher: UP
2026-03-16 08:35:56,627 [WATCHDOG] Health check: gmail_oauth_watcher: UP | whatsapp_watcher: UP
2026-03-16 08:36:57,815 [WATCHDOG] Health check: gmail_oauth_watcher: UP | whatsapp_watcher: UP
2026-03-16 08:37:59,785 [WATCHDOG] Health check: gmail_oauth_watcher: UP | whatsapp_watcher: UP
2026-03-16 08:39:01,274 [WATCHDOG] Health check: gmail_oauth_watcher: UP | whatsapp_watcher: UP
2026-03-16 08:40:02,556 [WATCHDOG] Health check: gmail_oauth_watcher: UP | whatsapp_watcher: UP
2026-03-16 08:41:03,616 [WATCHDOG] Health check: gmail_oauth_watcher: UP | whatsapp_watcher: UP
2026-03-16 08:42:04,735 [WATCHDOG] Health check: gmail_oauth_watcher: UP | whatsapp_watcher: UP
2026-03-16 08:43:05,953 [WATCHDOG] Health check: gmail_oauth_watcher: UP | whatsapp_watcher: UP
2026-03-16 08:44:07,764 [WATCHDOG] Health check: gmail_oauth_watcher: UP | whatsapp_watcher: UP
2026-03-16 08:45:08,853 [WATCHDOG] Health check: gmail_oauth_watcher: UP | whatsapp_watcher: UP
2026-03-16 08:46:09,927 [WATCHDOG] Health check: gmail_oauth_watcher: UP | whatsapp_watcher: UP
2026-03-16 08:47:12,147 [WATCHDOG] Health check: gmail_oauth_watcher: UP | whatsapp_watcher: UP
2026-03-16 08:48:14,528 [WATCHDOG] Health check: gmail_oauth_watcher: UP | whatsapp_watcher: UP
2026-03-16 08:49:15,680 [WATCHDOG] Health check: gmail_oauth_watcher: UP | whatsapp_watcher: UP
2026-03-16 08:50:18,861 [WATCHDOG] Health check: gmail_oauth_watcher: UP | whatsapp_watcher: UP
2026-03-16 08:51:19,897 [WATCHDOG] Health check: gmail_oauth_watcher: UP | whatsapp_watcher: UP
2026-03-16 08:52:21,690 [WATCHDOG] Health check: gmail_oauth_watcher: UP | whatsapp_watcher: UP
2026-03-16 08:53:22,705 [WATCHDOG] Health check: gmail_oauth_watcher: UP | whatsapp_watcher: UP
2026-03-16 08:54:25,843 [WATCHDOG] Health check: gmail_oauth_watcher: UP | whatsapp_watcher: UP
2026-03-16 08:55:26,576 [WATCHDOG] Health check: gmail_oauth_watcher: UP | whatsapp_watcher: UP
2026-03-16 08:56:28,922 [WATCHDOG] Health check: gmail_oauth_watcher: UP | whatsapp_watcher: UP
2026-03-16 08:57:29,782 [WATCHDOG] Health check: gmail_oauth_watcher: UP | whatsapp_watcher: UP
2026-03-16 08:58:32,657 [WATCHDOG] Health check: gmail_oauth_watcher: UP | whatsapp_watcher: UP
2026-03-16 08:59:33,832 [WATCHDOG] Health check: gmail_oauth_watcher: UP | whatsapp_watcher: UP
2026-03-16 09:00:37,501 [WATCHDOG] Health check: gmail_oauth_watcher: UP | whatsapp_watcher: UP
2026-03-16 09:01:38,376 [WATCHDOG] Health check: gmail_oauth_watcher: UP | whatsapp_watcher: UP
2026-03-16 09:02:39,438 [WATCHDOG] Health check: gmail_oauth_watcher: UP | whatsapp_watcher: UP
2026-03-16 09:03:40,338 [WATCHDOG] Health check: gmail_oauth_watcher: UP | whatsapp_watcher: UP
2026-03-16 09:04:41,211 [WATCHDOG] Health check: gmail_oauth_watcher: UP | whatsapp_watcher: UP
2026-03-16 09:05:42,208 [WATCHDOG] Health check: gmail_oauth_watcher: UP | whatsapp_watcher: UP
2026-03-16 09:06:43,102 [WATCHDOG] Health check: gmail_oauth_watcher: UP | whatsapp_watcher: UP
2026-03-16 09:07:44,267 [WATCHDOG] Health check: gmail_oauth_watcher: UP | whatsapp_watcher: UP
2026-03-16 09:08:45,279 [WATCHDOG] Health check: gmail_oauth_watcher: UP | whatsapp_watcher: UP
2026-03-16 09:09:46,416 [WATCHDOG] Health check: gmail_oauth_watcher: UP | whatsapp_watcher: UP
2026-03-16 09:10:47,947 [WATCHDOG] Health check: gmail_oauth_watcher: UP | whatsapp_watcher: UP
2026-03-16 09:11:48,843 [WATCHDOG] Health check: gmail_oauth_watcher: UP | whatsapp_watcher: UP
2026-03-16 09:12:51,145 [WATCHDOG] Health check: gmail_oauth_watcher: UP | whatsapp_watcher: UP
2026-03-16 09:13:52,290 [WATCHDOG] Health check: gmail_oauth_watcher: UP | whatsapp_watcher: UP
2026-03-16 09:14:53,566 [WATCHDOG] Health check: gmail_oauth_watcher: UP | whatsapp_watcher: UP
2026-03-16 09:15:55,258 [WATCHDOG] Health check: gmail_oauth_watcher: UP | whatsapp_watcher: UP
2026-03-16 09:16:56,300 [WATCHDOG] Health check: gmail_oauth_watcher: UP | whatsapp_watcher: UP
2026-03-16 09:17:57,299 [WATCHDOG] Health check: gmail_oauth_watcher: UP | whatsapp_watcher: UP
2026-03-16 09:18:58,099 [WATCHDOG] Health check: gmail_oauth_watcher: UP | whatsapp_watcher: UP
2026-03-16 09:19:59,244 [WATCHDOG] Health check: gmail_oauth_watcher: UP | whatsapp_watcher: UP
2026-03-16 09:21:00,828 [WATCHDOG] Health check: gmail_oauth_watcher: UP | whatsapp_watcher: UP
2026-03-16 09:22:02,111 [WATCHDOG] Health check: gmail_oauth_watcher: UP | whatsapp_watcher: UP
2026-03-16 09:23:03,120 [WATCHDOG] Health check: gmail_oauth_watcher: UP | whatsapp_watcher: UP
2026-03-16 09:24:04,031 [WATCHDOG] Health check: gmail_oauth_watcher: UP | whatsapp_watcher: UP
2026-03-16 09:25:05,509 [WATCHDOG] Health check: gmail_oauth_watcher: UP | whatsapp_watcher: UP
2026-03-16 09:52:46,350 [WATCHDOG] Watchdog started. Monitoring 2 processes every 60s.
2026-03-16 09:52:46,351 [WATCHDOG] Processes: gmail_oauth_watcher, whatsapp_watcher
2026-03-16 09:52:47,953 [WATCHDOG] Health check: gmail_oauth_watcher: UP | whatsapp_watcher: UP
2026-03-16 09:53:49,200 [WATCHDOG] Health check: gmail_oauth_watcher: UP | whatsapp_watcher: UP
2026-03-16 09:54:50,290 [WATCHDOG] Health check: gmail_oauth_watcher: UP | whatsapp_watcher: UP
2026-03-16 09:55:51,415 [WATCHDOG] Health check: gmail_oauth_watcher: UP | whatsapp_watcher: UP
2026-03-16 09:56:53,248 [WATCHDOG] Health check: gmail_oauth_watcher: UP | whatsapp_watcher: UP
2026-03-16 09:58:05,609 [WATCHDOG] Health check: gmail_oauth_watcher: UP | whatsapp_watcher: UP
2026-03-16 09:59:11,484 [WATCHDOG] Health check: gmail_oauth_watcher: UP | whatsapp_watcher: UP
2026-03-16 10:00:12,234 [WATCHDOG] Health check: gmail_oauth_watcher: UP | whatsapp_watcher: UP
2026-03-16 10:01:13,431 [WATCHDOG] Health check: gmail_oauth_watcher: UP | whatsapp_watcher: UP
2026-03-16 10:02:14,984 [WATCHDOG] Health check: gmail_oauth_watcher: UP | whatsapp_watcher: UP
2026-03-16 10:03:18,103 [WATCHDOG] Health check: gmail_oauth_watcher: UP | whatsapp_watcher: UP
2026-03-16 10:04:19,206 [WATCHDOG] Health check: gmail_oauth_watcher: UP | whatsapp_watcher: UP
2026-03-16 10:05:21,622 [WATCHDOG] Health check: gmail_oauth_watcher: UP | whatsapp_watcher: UP
2026-03-16 10:05:30,519 [WATCHDOG] Watchdog stopped by user.
